[0.313s] DEBUG:colcon:Command line arguments: ['/usr/bin/colcon', 'build']
[0.313s] DEBUG:colcon:Parsed command line arguments: Namespace(ament_cmake_args=None, base_paths=['.'], build_base='build', catkin_cmake_args=None, catkin_skip_building_tests=False, cmake_args=None, cmake_clean_cache=False, cmake_clean_first=False, cmake_force_configure=False, cmake_target=None, cmake_target_skip_unavailable=False, continue_on_error=False, event_handlers=None, executor='parallel', ignore_user_meta=False, install_base='install', log_base=None, log_level=None, main=<bound method BuildVerb.main of <colcon_core.verb.build.BuildVerb object at 0x7f2e9c52b278>>, merge_install=False, metas=['./colcon.meta'], packages_above=None, packages_above_and_dependencies=None, packages_above_depth=None, packages_end=None, packages_ignore=None, packages_ignore_regex=None, packages_select=None, packages_select_build_failed=False, packages_select_by_dep=None, packages_select_regex=None, packages_select_test_failures=False, packages_skip=None, packages_skip_build_finished=False, packages_skip_by_dep=None, packages_skip_regex=None, packages_skip_test_passed=False, packages_skip_up_to=None, packages_start=None, packages_up_to=None, packages_up_to_regex=None, parallel_workers=4, paths=None, symlink_install=False, test_result_base=None, verb_extension=<colcon_core.verb.build.BuildVerb object at 0x7f2e9c52b278>, verb_name='build', verb_parser=<colcon_defaults.argument_parser.defaults.DefaultArgumentsDecorator object at 0x7f2e9c52b630>)
[0.323s] Level 1:colcon.colcon_core.package_discovery:discover_packages(colcon_meta) check parameters
[0.323s] Level 1:colcon.colcon_core.package_discovery:discover_packages(recursive) check parameters
[0.323s] Level 1:colcon.colcon_core.package_discovery:discover_packages(ignore) check parameters
[0.323s] Level 1:colcon.colcon_core.package_discovery:discover_packages(path) check parameters
[0.323s] Level 1:colcon.colcon_core.package_discovery:discover_packages(colcon_meta) discover
[0.324s] Level 1:colcon.colcon_core.package_discovery:discover_packages(recursive) discover
[0.324s] INFO:colcon.colcon_core.package_discovery:Crawling recursively for packages in '/home/iic/conversion'
[0.324s] Level 1:colcon.colcon_core.package_identification:_identify(.) by extensions ['ignore', 'ignore_ament_install']
[0.324s] Level 1:colcon.colcon_core.package_identification:_identify(.) by extension 'ignore'
[0.324s] Level 1:colcon.colcon_core.package_identification:_identify(.) by extension 'ignore_ament_install'
[0.324s] Level 1:colcon.colcon_core.package_identification:_identify(.) by extensions ['colcon_pkg']
[0.325s] Level 1:colcon.colcon_core.package_identification:_identify(.) by extension 'colcon_pkg'
[0.325s] Level 1:colcon.colcon_core.package_identification:_identify(.) by extensions ['colcon_meta']
[0.325s] Level 1:colcon.colcon_core.package_identification:_identify(.) by extension 'colcon_meta'
[0.325s] Level 1:colcon.colcon_core.package_identification:_identify(.) by extensions ['ros']
[0.325s] Level 1:colcon.colcon_core.package_identification:_identify(.) by extension 'ros'
[0.341s] Level 1:colcon.colcon_core.package_identification:_identify(.) by extensions ['cmake', 'python']
[0.341s] Level 1:colcon.colcon_core.package_identification:_identify(.) by extension 'cmake'
[0.341s] Level 1:colcon.colcon_core.package_identification:_identify(.) by extension 'python'
[0.341s] Level 1:colcon.colcon_core.package_identification:_identify(.) by extensions ['python_setup_py']
[0.341s] Level 1:colcon.colcon_core.package_identification:_identify(.) by extension 'python_setup_py'
[0.342s] Level 1:colcon.colcon_core.package_identification:_identify(build) by extensions ['ignore', 'ignore_ament_install']
[0.342s] Level 1:colcon.colcon_core.package_identification:_identify(build) by extension 'ignore'
[0.342s] Level 1:colcon.colcon_core.package_identification:_identify(build) ignored
[0.343s] Level 1:colcon.colcon_core.package_identification:_identify(install) by extensions ['ignore', 'ignore_ament_install']
[0.343s] Level 1:colcon.colcon_core.package_identification:_identify(install) by extension 'ignore'
[0.343s] Level 1:colcon.colcon_core.package_identification:_identify(install) ignored
[0.343s] Level 1:colcon.colcon_core.package_identification:_identify(log) by extensions ['ignore', 'ignore_ament_install']
[0.343s] Level 1:colcon.colcon_core.package_identification:_identify(log) by extension 'ignore'
[0.344s] Level 1:colcon.colcon_core.package_identification:_identify(log) ignored
[0.344s] Level 1:colcon.colcon_core.package_identification:_identify(py_pubsub) by extensions ['ignore', 'ignore_ament_install']
[0.344s] Level 1:colcon.colcon_core.package_identification:_identify(py_pubsub) by extension 'ignore'
[0.344s] Level 1:colcon.colcon_core.package_identification:_identify(py_pubsub) by extension 'ignore_ament_install'
[0.344s] Level 1:colcon.colcon_core.package_identification:_identify(py_pubsub) by extensions ['colcon_pkg']
[0.344s] Level 1:colcon.colcon_core.package_identification:_identify(py_pubsub) by extension 'colcon_pkg'
[0.344s] Level 1:colcon.colcon_core.package_identification:_identify(py_pubsub) by extensions ['colcon_meta']
[0.344s] Level 1:colcon.colcon_core.package_identification:_identify(py_pubsub) by extension 'colcon_meta'
[0.345s] Level 1:colcon.colcon_core.package_identification:_identify(py_pubsub) by extensions ['ros']
[0.345s] Level 1:colcon.colcon_core.package_identification:_identify(py_pubsub) by extension 'ros'
[0.348s] DEBUG:colcon.colcon_core.package_identification:Package 'py_pubsub' with type 'ros.ament_python' and name 'py_pubsub'
[0.349s] Level 1:colcon.colcon_core.package_identification:_identify(ros2_usb_camera) by extensions ['ignore', 'ignore_ament_install']
[0.349s] Level 1:colcon.colcon_core.package_identification:_identify(ros2_usb_camera) by extension 'ignore'
[0.349s] Level 1:colcon.colcon_core.package_identification:_identify(ros2_usb_camera) by extension 'ignore_ament_install'
[0.349s] Level 1:colcon.colcon_core.package_identification:_identify(ros2_usb_camera) by extensions ['colcon_pkg']
[0.349s] Level 1:colcon.colcon_core.package_identification:_identify(ros2_usb_camera) by extension 'colcon_pkg'
[0.349s] Level 1:colcon.colcon_core.package_identification:_identify(ros2_usb_camera) by extensions ['colcon_meta']
[0.349s] Level 1:colcon.colcon_core.package_identification:_identify(ros2_usb_camera) by extension 'colcon_meta'
[0.349s] Level 1:colcon.colcon_core.package_identification:_identify(ros2_usb_camera) by extensions ['ros']
[0.350s] Level 1:colcon.colcon_core.package_identification:_identify(ros2_usb_camera) by extension 'ros'
[0.351s] DEBUG:colcon.colcon_core.package_identification:Package 'ros2_usb_camera' with type 'ros.ament_cmake' and name 'usb_camera_driver'
[0.352s] Level 1:colcon.colcon_core.package_discovery:discover_packages(recursive) using defaults
[0.352s] Level 1:colcon.colcon_core.package_discovery:discover_packages(ignore) discover
[0.352s] Level 1:colcon.colcon_core.package_discovery:discover_packages(ignore) using defaults
[0.352s] Level 1:colcon.colcon_core.package_discovery:discover_packages(path) discover
[0.352s] Level 1:colcon.colcon_core.package_discovery:discover_packages(path) using defaults
[0.385s] Level 5:colcon.colcon_core.verb:set package 'py_pubsub' build argument 'cmake_args' from command line to 'None'
[0.385s] Level 5:colcon.colcon_core.verb:set package 'py_pubsub' build argument 'cmake_target' from command line to 'None'
[0.385s] Level 5:colcon.colcon_core.verb:set package 'py_pubsub' build argument 'cmake_target_skip_unavailable' from command line to 'False'
[0.385s] Level 5:colcon.colcon_core.verb:set package 'py_pubsub' build argument 'cmake_clean_cache' from command line to 'False'
[0.385s] Level 5:colcon.colcon_core.verb:set package 'py_pubsub' build argument 'cmake_clean_first' from command line to 'False'
[0.385s] Level 5:colcon.colcon_core.verb:set package 'py_pubsub' build argument 'cmake_force_configure' from command line to 'False'
[0.385s] Level 5:colcon.colcon_core.verb:set package 'py_pubsub' build argument 'ament_cmake_args' from command line to 'None'
[0.385s] Level 5:colcon.colcon_core.verb:set package 'py_pubsub' build argument 'catkin_cmake_args' from command line to 'None'
[0.385s] Level 5:colcon.colcon_core.verb:set package 'py_pubsub' build argument 'catkin_skip_building_tests' from command line to 'False'
[0.385s] DEBUG:colcon.colcon_core.verb:Building package 'py_pubsub' with the following arguments: {'ament_cmake_args': None, 'build_base': '/home/iic/conversion/build/py_pubsub', 'catkin_cmake_args': None, 'catkin_skip_building_tests': False, 'cmake_args': None, 'cmake_clean_cache': False, 'cmake_clean_first': False, 'cmake_force_configure': False, 'cmake_target': None, 'cmake_target_skip_unavailable': False, 'install_base': '/home/iic/conversion/install/py_pubsub', 'merge_install': False, 'path': '/home/iic/conversion/py_pubsub', 'symlink_install': False, 'test_result_base': None}
[0.391s] Level 5:colcon.colcon_core.verb:set package 'usb_camera_driver' build argument 'cmake_args' from command line to 'None'
[0.391s] Level 5:colcon.colcon_core.verb:set package 'usb_camera_driver' build argument 'cmake_target' from command line to 'None'
[0.391s] Level 5:colcon.colcon_core.verb:set package 'usb_camera_driver' build argument 'cmake_target_skip_unavailable' from command line to 'False'
[0.391s] Level 5:colcon.colcon_core.verb:set package 'usb_camera_driver' build argument 'cmake_clean_cache' from command line to 'False'
[0.391s] Level 5:colcon.colcon_core.verb:set package 'usb_camera_driver' build argument 'cmake_clean_first' from command line to 'False'
[0.391s] Level 5:colcon.colcon_core.verb:set package 'usb_camera_driver' build argument 'cmake_force_configure' from command line to 'False'
[0.391s] Level 5:colcon.colcon_core.verb:set package 'usb_camera_driver' build argument 'ament_cmake_args' from command line to 'None'
[0.391s] Level 5:colcon.colcon_core.verb:set package 'usb_camera_driver' build argument 'catkin_cmake_args' from command line to 'None'
[0.391s] Level 5:colcon.colcon_core.verb:set package 'usb_camera_driver' build argument 'catkin_skip_building_tests' from command line to 'False'
[0.391s] DEBUG:colcon.colcon_core.verb:Building package 'usb_camera_driver' with the following arguments: {'ament_cmake_args': None, 'build_base': '/home/iic/conversion/build/usb_camera_driver', 'catkin_cmake_args': None, 'catkin_skip_building_tests': False, 'cmake_args': None, 'cmake_clean_cache': False, 'cmake_clean_first': False, 'cmake_force_configure': False, 'cmake_target': None, 'cmake_target_skip_unavailable': False, 'install_base': '/home/iic/conversion/install/usb_camera_driver', 'merge_install': False, 'path': '/home/iic/conversion/ros2_usb_camera', 'symlink_install': False, 'test_result_base': None}
[0.392s] INFO:colcon.colcon_core.executor:Executing jobs using 'parallel' executor
[0.404s] DEBUG:colcon.colcon_parallel_executor.executor.parallel:run_until_complete
[0.405s] INFO:colcon.colcon_ros.task.ament_python.build:Building ROS package in '/home/iic/conversion/py_pubsub' with build type 'ament_python'
[0.405s] Level 1:colcon.colcon_core.shell:create_environment_hook('py_pubsub', 'ament_prefix_path')
[0.412s] INFO:colcon.colcon_core.plugin_system:Skipping extension 'colcon_core.shell.bat': Not used on non-Windows systems
[0.413s] INFO:colcon.colcon_core.shell:Creating environment hook '/home/iic/conversion/install/py_pubsub/share/py_pubsub/hook/ament_prefix_path.ps1'
[0.414s] INFO:colcon.colcon_core.shell:Creating environment descriptor '/home/iic/conversion/install/py_pubsub/share/py_pubsub/hook/ament_prefix_path.dsv'
[0.415s] INFO:colcon.colcon_core.shell:Creating environment hook '/home/iic/conversion/install/py_pubsub/share/py_pubsub/hook/ament_prefix_path.sh'
[0.417s] INFO:colcon.colcon_core.shell:Skip shell extension 'powershell' for command environment: Not usable outside of PowerShell
[0.417s] DEBUG:colcon.colcon_core.shell:Skip shell extension 'dsv' for command environment
[0.422s] DEBUG:colcon.colcon_core.shell:Ignoring prefix path '/opt/ros/dashing'
[0.427s] INFO:colcon.colcon_ros.task.ament_cmake.build:Building ROS package in '/home/iic/conversion/ros2_usb_camera' with build type 'ament_cmake'
[0.428s] INFO:colcon.colcon_cmake.task.cmake.build:Building CMake package in '/home/iic/conversion/ros2_usb_camera'
[0.430s] INFO:colcon.colcon_core.shell:Skip shell extension 'powershell' for command environment: Not usable outside of PowerShell
[0.430s] DEBUG:colcon.colcon_core.shell:Skip shell extension 'dsv' for command environment
[0.435s] DEBUG:colcon.colcon_core.shell:Ignoring prefix path '/opt/ros/dashing'
[0.760s] INFO:colcon.colcon_core.task.python.build:Building Python package in '/home/iic/conversion/py_pubsub'
[0.762s] INFO:colcon.colcon_core.shell:Skip shell extension 'powershell' for command environment: Not usable outside of PowerShell
[0.762s] DEBUG:colcon.colcon_core.shell:Skip shell extension 'dsv' for command environment
[0.766s] DEBUG:colcon.colcon_core.shell:Ignoring prefix path '/opt/ros/dashing'
[0.777s] DEBUG:colcon.colcon_core.event_handler.log_command:Invoking command in '/home/iic/conversion/build/usb_camera_driver': CMAKE_PREFIX_PATH=${CMAKE_PREFIX_PATH}:/home/iic/conversion/install/py_pubsub:/home/iic/conversion/install/conversion:/home/iic/turtlebot3_ws/install/turtlebot3_teleop:/home/iic/turtlebot3_ws/install/turtlebot3_example:/opt/ros/dashing /usr/bin/cmake --build /home/iic/conversion/build/usb_camera_driver -- -j4 -l4
[0.812s] DEBUG:colcon.colcon_core.event_handler.log_command:Invoking command in '/home/iic/conversion/py_pubsub': PYTHONPATH=/home/iic/conversion/install/py_pubsub/lib/python3.6/site-packages:${PYTHONPATH} /usr/bin/python3 setup.py egg_info --egg-base ../build/py_pubsub build --build-base /home/iic/conversion/build/py_pubsub/build install --prefix /home/iic/conversion/install/py_pubsub --record /home/iic/conversion/build/py_pubsub/install.log --single-version-externally-managed
[1.180s] DEBUG:colcon.colcon_core.event_handler.log_command:Invoked command in '/home/iic/conversion/build/usb_camera_driver' returned '0': CMAKE_PREFIX_PATH=${CMAKE_PREFIX_PATH}:/home/iic/conversion/install/py_pubsub:/home/iic/conversion/install/conversion:/home/iic/turtlebot3_ws/install/turtlebot3_teleop:/home/iic/turtlebot3_ws/install/turtlebot3_example:/opt/ros/dashing /usr/bin/cmake --build /home/iic/conversion/build/usb_camera_driver -- -j4 -l4
[1.369s] DEBUG:colcon.colcon_core.event_handler.log_command:Invoked command in '/home/iic/conversion/py_pubsub' returned '0': PYTHONPATH=/home/iic/conversion/install/py_pubsub/lib/python3.6/site-packages:${PYTHONPATH} /usr/bin/python3 setup.py egg_info --egg-base ../build/py_pubsub build --build-base /home/iic/conversion/build/py_pubsub/build install --prefix /home/iic/conversion/install/py_pubsub --record /home/iic/conversion/build/py_pubsub/install.log --single-version-externally-managed
[1.372s] Level 1:colcon.colcon_core.environment:checking '/home/iic/conversion/install/py_pubsub' for CMake module files
[1.373s] Level 1:colcon.colcon_core.environment:checking '/home/iic/conversion/install/py_pubsub' for CMake config files
[1.375s] Level 1:colcon.colcon_core.environment:checking '/home/iic/conversion/install/py_pubsub/lib'
[1.375s] Level 1:colcon.colcon_core.environment:checking '/home/iic/conversion/install/py_pubsub/bin'
[1.375s] Level 1:colcon.colcon_core.environment:checking '/home/iic/conversion/install/py_pubsub/lib/pkgconfig/py_pubsub.pc'
[1.375s] Level 1:colcon.colcon_core.environment:checking '/home/iic/conversion/install/py_pubsub/lib/python3.6/site-packages'
[1.375s] Level 1:colcon.colcon_core.shell:create_environment_hook('py_pubsub', 'pythonpath')
[1.377s] INFO:colcon.colcon_core.shell:Creating environment hook '/home/iic/conversion/install/py_pubsub/share/py_pubsub/hook/pythonpath.ps1'
[1.377s] INFO:colcon.colcon_core.shell:Creating environment descriptor '/home/iic/conversion/install/py_pubsub/share/py_pubsub/hook/pythonpath.dsv'
[1.378s] INFO:colcon.colcon_core.shell:Creating environment hook '/home/iic/conversion/install/py_pubsub/share/py_pubsub/hook/pythonpath.sh'
[1.379s] Level 1:colcon.colcon_core.environment:create_environment_scripts_only(py_pubsub)
[1.380s] INFO:colcon.colcon_core.shell:Creating package script '/home/iic/conversion/install/py_pubsub/share/py_pubsub/package.ps1'
[1.382s] INFO:colcon.colcon_core.shell:Creating package descriptor '/home/iic/conversion/install/py_pubsub/share/py_pubsub/package.dsv'
[1.383s] INFO:colcon.colcon_core.shell:Creating package script '/home/iic/conversion/install/py_pubsub/share/py_pubsub/package.sh'
[1.385s] INFO:colcon.colcon_core.shell:Creating package script '/home/iic/conversion/install/py_pubsub/share/py_pubsub/package.bash'
[1.386s] INFO:colcon.colcon_core.shell:Creating package script '/home/iic/conversion/install/py_pubsub/share/py_pubsub/package.zsh'
[1.387s] Level 1:colcon.colcon_core.environment:create_file_with_runtime_dependencies(/home/iic/conversion/install/py_pubsub/share/colcon-core/packages/py_pubsub)
[1.408s] DEBUG:colcon.colcon_core.event_handler.log_command:Invoking command in '/home/iic/conversion/build/usb_camera_driver': CMAKE_PREFIX_PATH=${CMAKE_PREFIX_PATH}:/home/iic/conversion/install/py_pubsub:/home/iic/conversion/install/conversion:/home/iic/turtlebot3_ws/install/turtlebot3_teleop:/home/iic/turtlebot3_ws/install/turtlebot3_example:/opt/ros/dashing /usr/bin/cmake --build /home/iic/conversion/build/usb_camera_driver --target install -- -j4 -l4
[1.693s] Level 1:colcon.colcon_core.environment:create_environment_scripts_only(usb_camera_driver)
[1.695s] Level 1:colcon.colcon_core.environment:checking '/home/iic/conversion/install/usb_camera_driver' for CMake module files
[1.696s] Level 1:colcon.colcon_core.environment:checking '/home/iic/conversion/install/usb_camera_driver' for CMake config files
[1.697s] Level 1:colcon.colcon_core.shell:create_environment_hook('usb_camera_driver', 'cmake_prefix_path')
[1.698s] INFO:colcon.colcon_core.shell:Creating environment hook '/home/iic/conversion/install/usb_camera_driver/share/usb_camera_driver/hook/cmake_prefix_path.ps1'
[1.698s] INFO:colcon.colcon_core.shell:Creating environment descriptor '/home/iic/conversion/install/usb_camera_driver/share/usb_camera_driver/hook/cmake_prefix_path.dsv'
[1.699s] INFO:colcon.colcon_core.shell:Creating environment hook '/home/iic/conversion/install/usb_camera_driver/share/usb_camera_driver/hook/cmake_prefix_path.sh'
[1.700s] Level 1:colcon.colcon_core.environment:checking '/home/iic/conversion/install/usb_camera_driver/lib'
[1.701s] DEBUG:colcon.colcon_core.event_handler.log_command:Invoked command in '/home/iic/conversion/build/usb_camera_driver' returned '0': CMAKE_PREFIX_PATH=${CMAKE_PREFIX_PATH}:/home/iic/conversion/install/py_pubsub:/home/iic/conversion/install/conversion:/home/iic/turtlebot3_ws/install/turtlebot3_teleop:/home/iic/turtlebot3_ws/install/turtlebot3_example:/opt/ros/dashing /usr/bin/cmake --build /home/iic/conversion/build/usb_camera_driver --target install -- -j4 -l4
[1.701s] Level 1:colcon.colcon_core.shell:create_environment_hook('usb_camera_driver', 'ld_library_path_lib')
[1.722s] INFO:colcon.colcon_core.shell:Creating environment hook '/home/iic/conversion/install/usb_camera_driver/share/usb_camera_driver/hook/ld_library_path_lib.ps1'
[1.723s] INFO:colcon.colcon_core.shell:Creating environment descriptor '/home/iic/conversion/install/usb_camera_driver/share/usb_camera_driver/hook/ld_library_path_lib.dsv'
[1.723s] INFO:colcon.colcon_core.shell:Creating environment hook '/home/iic/conversion/install/usb_camera_driver/share/usb_camera_driver/hook/ld_library_path_lib.sh'
[1.724s] Level 1:colcon.colcon_core.environment:checking '/home/iic/conversion/install/usb_camera_driver/bin'
[1.724s] Level 1:colcon.colcon_core.environment:checking '/home/iic/conversion/install/usb_camera_driver/lib/pkgconfig/usb_camera_driver.pc'
[1.724s] Level 1:colcon.colcon_core.environment:checking '/home/iic/conversion/install/usb_camera_driver/lib/python3.6/site-packages'
[1.725s] INFO:colcon.colcon_core.shell:Creating package script '/home/iic/conversion/install/usb_camera_driver/share/usb_camera_driver/package.ps1'
[1.727s] INFO:colcon.colcon_core.shell:Creating package descriptor '/home/iic/conversion/install/usb_camera_driver/share/usb_camera_driver/package.dsv'
[1.727s] INFO:colcon.colcon_core.shell:Creating package script '/home/iic/conversion/install/usb_camera_driver/share/usb_camera_driver/package.sh'
[1.728s] INFO:colcon.colcon_core.shell:Creating package script '/home/iic/conversion/install/usb_camera_driver/share/usb_camera_driver/package.bash'
[1.729s] INFO:colcon.colcon_core.shell:Creating package script '/home/iic/conversion/install/usb_camera_driver/share/usb_camera_driver/package.zsh'
[1.729s] Level 1:colcon.colcon_core.environment:create_file_with_runtime_dependencies(/home/iic/conversion/install/usb_camera_driver/share/colcon-core/packages/usb_camera_driver)
[1.779s] Level 1:colcon.colcon_core.environment:create_environment_scripts_only(usb_camera_driver)
[1.780s] Level 1:colcon.colcon_core.environment:checking '/home/iic/conversion/install/usb_camera_driver' for CMake module files
[1.781s] Level 1:colcon.colcon_core.environment:checking '/home/iic/conversion/install/usb_camera_driver' for CMake config files
[1.781s] Level 1:colcon.colcon_core.shell:create_environment_hook('usb_camera_driver', 'cmake_prefix_path')
[1.782s] INFO:colcon.colcon_core.shell:Creating environment hook '/home/iic/conversion/install/usb_camera_driver/share/usb_camera_driver/hook/cmake_prefix_path.ps1'
[1.782s] INFO:colcon.colcon_core.shell:Creating environment descriptor '/home/iic/conversion/install/usb_camera_driver/share/usb_camera_driver/hook/cmake_prefix_path.dsv'
[1.783s] INFO:colcon.colcon_core.shell:Creating environment hook '/home/iic/conversion/install/usb_camera_driver/share/usb_camera_driver/hook/cmake_prefix_path.sh'
[1.784s] Level 1:colcon.colcon_core.environment:checking '/home/iic/conversion/install/usb_camera_driver/lib'
[1.785s] Level 1:colcon.colcon_core.shell:create_environment_hook('usb_camera_driver', 'ld_library_path_lib')
[1.786s] INFO:colcon.colcon_core.shell:Creating environment hook '/home/iic/conversion/install/usb_camera_driver/share/usb_camera_driver/hook/ld_library_path_lib.ps1'
[1.787s] INFO:colcon.colcon_core.shell:Creating environment descriptor '/home/iic/conversion/install/usb_camera_driver/share/usb_camera_driver/hook/ld_library_path_lib.dsv'
[1.788s] INFO:colcon.colcon_core.shell:Creating environment hook '/home/iic/conversion/install/usb_camera_driver/share/usb_camera_driver/hook/ld_library_path_lib.sh'
[1.788s] Level 1:colcon.colcon_core.environment:checking '/home/iic/conversion/install/usb_camera_driver/bin'
[1.788s] Level 1:colcon.colcon_core.environment:checking '/home/iic/conversion/install/usb_camera_driver/lib/pkgconfig/usb_camera_driver.pc'
[1.789s] Level 1:colcon.colcon_core.environment:checking '/home/iic/conversion/install/usb_camera_driver/lib/python3.6/site-packages'
[1.790s] INFO:colcon.colcon_core.shell:Creating package script '/home/iic/conversion/install/usb_camera_driver/share/usb_camera_driver/package.ps1'
[1.791s] INFO:colcon.colcon_core.shell:Creating package descriptor '/home/iic/conversion/install/usb_camera_driver/share/usb_camera_driver/package.dsv'
[1.792s] INFO:colcon.colcon_core.shell:Creating package script '/home/iic/conversion/install/usb_camera_driver/share/usb_camera_driver/package.sh'
[1.793s] INFO:colcon.colcon_core.shell:Creating package script '/home/iic/conversion/install/usb_camera_driver/share/usb_camera_driver/package.bash'
[1.793s] INFO:colcon.colcon_core.shell:Creating package script '/home/iic/conversion/install/usb_camera_driver/share/usb_camera_driver/package.zsh'
[1.794s] Level 1:colcon.colcon_core.environment:create_file_with_runtime_dependencies(/home/iic/conversion/install/usb_camera_driver/share/colcon-core/packages/usb_camera_driver)
[1.796s] DEBUG:colcon.colcon_parallel_executor.executor.parallel:closing loop
[1.797s] DEBUG:colcon.colcon_parallel_executor.executor.parallel:loop closed
[1.797s] DEBUG:colcon.colcon_parallel_executor.executor.parallel:run_until_complete finished with '0'
[1.797s] DEBUG:colcon.colcon_core.event_reactor:joining thread
[1.806s] INFO:colcon.colcon_core.plugin_system:Skipping extension 'colcon_notification.desktop_notification.terminal_notifier': Not used on non-Darwin systems
[1.807s] INFO:colcon.colcon_core.plugin_system:Skipping extension 'colcon_notification.desktop_notification.win32': Not used on non-Windows systems
[1.807s] INFO:colcon.colcon_notification.desktop_notification:Sending desktop notification using 'notify2'
[1.810s] DEBUG:colcon.colcon_core.event_reactor:joined thread
[1.811s] INFO:colcon.colcon_core.shell:Creating prefix script '/home/iic/conversion/install/local_setup.ps1'
[1.813s] INFO:colcon.colcon_core.shell:Creating prefix util module '/home/iic/conversion/install/_local_setup_util_ps1.py'
[1.815s] INFO:colcon.colcon_core.shell:Creating prefix chain script '/home/iic/conversion/install/setup.ps1'
[1.820s] INFO:colcon.colcon_core.shell:Creating prefix script '/home/iic/conversion/install/local_setup.sh'
[1.823s] INFO:colcon.colcon_core.shell:Creating prefix util module '/home/iic/conversion/install/_local_setup_util_sh.py'
[1.829s] INFO:colcon.colcon_core.shell:Creating prefix chain script '/home/iic/conversion/install/setup.sh'
[1.835s] INFO:colcon.colcon_core.shell:Creating prefix script '/home/iic/conversion/install/local_setup.bash'
[1.836s] INFO:colcon.colcon_core.shell:Creating prefix chain script '/home/iic/conversion/install/setup.bash'
[1.842s] INFO:colcon.colcon_core.shell:Creating prefix script '/home/iic/conversion/install/local_setup.zsh'
[1.842s] INFO:colcon.colcon_core.shell:Creating prefix chain script '/home/iic/conversion/install/setup.zsh'
