[0.538s] Invoking command in '/home/iic/conversion/py_pubsub': PYTHONPATH=/home/iic/conversion/install/py_pubsub/lib/python3.6/site-packages:${PYTHONPATH} /usr/bin/python3 setup.py egg_info --egg-base ../build/py_pubsub build --build-base /home/iic/conversion/build/py_pubsub/build install --prefix /home/iic/conversion/install/py_pubsub --record /home/iic/conversion/build/py_pubsub/install.log --single-version-externally-managed
[0.905s] running egg_info
[0.906s] writing ../build/py_pubsub/py_pubsub.egg-info/PKG-INFO
[0.906s] writing dependency_links to ../build/py_pubsub/py_pubsub.egg-info/dependency_links.txt
[0.906s] writing entry points to ../build/py_pubsub/py_pubsub.egg-info/entry_points.txt
[0.907s] writing requirements to ../build/py_pubsub/py_pubsub.egg-info/requires.txt
[0.907s] writing top-level names to ../build/py_pubsub/py_pubsub.egg-info/top_level.txt
[0.962s] reading manifest file '../build/py_pubsub/py_pubsub.egg-info/SOURCES.txt'
[0.964s] writing manifest file '../build/py_pubsub/py_pubsub.egg-info/SOURCES.txt'
[0.964s] running build
[0.965s] running build_py
[0.965s] running install
[0.965s] running install_lib
[0.967s] byte-compiling /home/iic/conversion/install/py_pubsub/lib/python3.6/site-packages/py_pubsub/convertion.py to convertion.cpython-36.pyc
[0.968s]   File "/home/iic/conversion/install/py_pubsub/lib/python3.6/site-packages/py_pubsub/convertion.py", line 45
[0.968s]     if self.to_convert == "mono8" or :
[0.968s]                                      ^
[0.968s] SyntaxError: invalid syntax
[0.968s] 
[0.968s] running install_data
[0.968s] running install_egg_info
[0.971s] removing '/home/iic/conversion/install/py_pubsub/lib/python3.6/site-packages/py_pubsub-0.0.0-py3.6.egg-info' (and everything under it)
[0.971s] Copying ../build/py_pubsub/py_pubsub.egg-info to /home/iic/conversion/install/py_pubsub/lib/python3.6/site-packages/py_pubsub-0.0.0-py3.6.egg-info
[0.973s] running install_scripts
[1.003s] Installing convert script to /home/iic/conversion/install/py_pubsub/lib/py_pubsub
[1.003s] writing list of installed files to '/home/iic/conversion/build/py_pubsub/install.log'
[1.049s] Invoked command in '/home/iic/conversion/py_pubsub' returned '0': PYTHONPATH=/home/iic/conversion/install/py_pubsub/lib/python3.6/site-packages:${PYTHONPATH} /usr/bin/python3 setup.py egg_info --egg-base ../build/py_pubsub build --build-base /home/iic/conversion/build/py_pubsub/build install --prefix /home/iic/conversion/install/py_pubsub --record /home/iic/conversion/build/py_pubsub/install.log --single-version-externally-managed
