[0.462s] Invoking command in '/home/iic/conversion/py_pubsub': PYTHONPATH=/home/iic/conversion/install/py_pubsub/lib/python3.6/site-packages:${PYTHONPATH} /usr/bin/python3 setup.py egg_info --egg-base ../build/py_pubsub build --build-base /home/iic/conversion/build/py_pubsub/build install --prefix /home/iic/conversion/install/py_pubsub --record /home/iic/conversion/build/py_pubsub/install.log --single-version-externally-managed
[0.903s] running egg_info
[0.904s] writing ../build/py_pubsub/py_pubsub.egg-info/PKG-INFO
[0.904s] writing dependency_links to ../build/py_pubsub/py_pubsub.egg-info/dependency_links.txt
[0.905s] writing entry points to ../build/py_pubsub/py_pubsub.egg-info/entry_points.txt
[0.905s] writing requirements to ../build/py_pubsub/py_pubsub.egg-info/requires.txt
[0.905s] writing top-level names to ../build/py_pubsub/py_pubsub.egg-info/top_level.txt
[0.955s] reading manifest file '../build/py_pubsub/py_pubsub.egg-info/SOURCES.txt'
[0.957s] writing manifest file '../build/py_pubsub/py_pubsub.egg-info/SOURCES.txt'
[0.958s] running build
[0.958s] running build_py
[0.959s] copying py_pubsub/subscriber_member_function.py -> /home/iic/conversion/build/py_pubsub/build/lib/py_pubsub
[0.960s] running install
[0.960s] running install_lib
[0.962s] copying /home/iic/conversion/build/py_pubsub/build/lib/py_pubsub/subscriber_member_function.py -> /home/iic/conversion/install/py_pubsub/lib/python3.6/site-packages/py_pubsub
[0.963s] byte-compiling /home/iic/conversion/install/py_pubsub/lib/python3.6/site-packages/py_pubsub/subscriber_member_function.py to subscriber_member_function.cpython-36.pyc
[0.965s] running install_data
[0.966s] running install_egg_info
[0.969s] removing '/home/iic/conversion/install/py_pubsub/lib/python3.6/site-packages/py_pubsub-0.0.0-py3.6.egg-info' (and everything under it)
[0.970s] Copying ../build/py_pubsub/py_pubsub.egg-info to /home/iic/conversion/install/py_pubsub/lib/python3.6/site-packages/py_pubsub-0.0.0-py3.6.egg-info
[0.971s] running install_scripts
[1.003s] Installing listener script to /home/iic/conversion/install/py_pubsub/lib/py_pubsub
[1.006s] Installing talker script to /home/iic/conversion/install/py_pubsub/lib/py_pubsub
[1.009s] writing list of installed files to '/home/iic/conversion/build/py_pubsub/install.log'
[1.050s] Invoked command in '/home/iic/conversion/py_pubsub' returned '0': PYTHONPATH=/home/iic/conversion/install/py_pubsub/lib/python3.6/site-packages:${PYTHONPATH} /usr/bin/python3 setup.py egg_info --egg-base ../build/py_pubsub build --build-base /home/iic/conversion/build/py_pubsub/build install --prefix /home/iic/conversion/install/py_pubsub --record /home/iic/conversion/build/py_pubsub/install.log --single-version-externally-managed
