[0.449s] Invoking command in '/home/iic/conversion/py_pubsub': PYTHONPATH=/home/iic/conversion/install/py_pubsub/lib/python3.6/site-packages:${PYTHONPATH} /usr/bin/python3 setup.py egg_info --egg-base ../build/py_pubsub build --build-base /home/iic/conversion/build/py_pubsub/build install --prefix /home/iic/conversion/install/py_pubsub --record /home/iic/conversion/build/py_pubsub/install.log --single-version-externally-managed
[0.900s] running egg_info
[0.901s] writing ../build/py_pubsub/py_pubsub.egg-info/PKG-INFO
[0.901s] writing dependency_links to ../build/py_pubsub/py_pubsub.egg-info/dependency_links.txt
[0.902s] writing entry points to ../build/py_pubsub/py_pubsub.egg-info/entry_points.txt
[0.902s] writing requirements to ../build/py_pubsub/py_pubsub.egg-info/requires.txt
[0.902s] writing top-level names to ../build/py_pubsub/py_pubsub.egg-info/top_level.txt
[0.951s] reading manifest file '../build/py_pubsub/py_pubsub.egg-info/SOURCES.txt'
[0.953s] writing manifest file '../build/py_pubsub/py_pubsub.egg-info/SOURCES.txt'
[0.953s] running build
[0.953s] running build_py
[0.953s] copying py_pubsub/subscriber_member_function.py -> /home/iic/conversion/build/py_pubsub/build/lib/py_pubsub
[0.953s] running install
[0.954s] running install_lib
[0.955s] copying /home/iic/conversion/build/py_pubsub/build/lib/py_pubsub/subscriber_member_function.py -> /home/iic/conversion/install/py_pubsub/lib/python3.6/site-packages/py_pubsub
[0.956s] byte-compiling /home/iic/conversion/install/py_pubsub/lib/python3.6/site-packages/py_pubsub/subscriber_member_function.py to subscriber_member_function.cpython-36.pyc
[0.957s] running install_data
[0.958s] running install_egg_info
[0.961s] removing '/home/iic/conversion/install/py_pubsub/lib/python3.6/site-packages/py_pubsub-0.0.0-py3.6.egg-info' (and everything under it)
[0.962s] Copying ../build/py_pubsub/py_pubsub.egg-info to /home/iic/conversion/install/py_pubsub/lib/python3.6/site-packages/py_pubsub-0.0.0-py3.6.egg-info
[0.964s] running install_scripts
[0.992s] Installing listener script to /home/iic/conversion/install/py_pubsub/lib/py_pubsub
[0.992s] Installing talker script to /home/iic/conversion/install/py_pubsub/lib/py_pubsub
[0.993s] writing list of installed files to '/home/iic/conversion/build/py_pubsub/install.log'
[1.031s] Invoked command in '/home/iic/conversion/py_pubsub' returned '0': PYTHONPATH=/home/iic/conversion/install/py_pubsub/lib/python3.6/site-packages:${PYTHONPATH} /usr/bin/python3 setup.py egg_info --egg-base ../build/py_pubsub build --build-base /home/iic/conversion/build/py_pubsub/build install --prefix /home/iic/conversion/install/py_pubsub --record /home/iic/conversion/build/py_pubsub/install.log --single-version-externally-managed
