[0.413s] Invoking command in '/home/iic/conversion/py_pubsub': PYTHONPATH=/home/iic/conversion/install/py_pubsub/lib/python3.6/site-packages:${PYTHONPATH} /usr/bin/python3 setup.py egg_info --egg-base ../build/py_pubsub build --build-base /home/iic/conversion/build/py_pubsub/build install --prefix /home/iic/conversion/install/py_pubsub --record /home/iic/conversion/build/py_pubsub/install.log --single-version-externally-managed
[0.763s] running egg_info
[0.763s] writing ../build/py_pubsub/py_pubsub.egg-info/PKG-INFO
[0.763s] writing dependency_links to ../build/py_pubsub/py_pubsub.egg-info/dependency_links.txt
[0.763s] writing entry points to ../build/py_pubsub/py_pubsub.egg-info/entry_points.txt
[0.763s] writing requirements to ../build/py_pubsub/py_pubsub.egg-info/requires.txt
[0.764s] writing top-level names to ../build/py_pubsub/py_pubsub.egg-info/top_level.txt
[0.811s] reading manifest file '../build/py_pubsub/py_pubsub.egg-info/SOURCES.txt'
[0.813s] writing manifest file '../build/py_pubsub/py_pubsub.egg-info/SOURCES.txt'
[0.813s] running build
[0.813s] running build_py
[0.813s] running install
[0.814s] running install_lib
[0.815s] byte-compiling /home/iic/conversion/install/py_pubsub/lib/python3.6/site-packages/py_pubsub/publisher_member_function.py to publisher_member_function.cpython-36.pyc
[0.816s] Sorry: IndentationError: expected an indented block (publisher_member_function.py, line 66)
[0.816s] running install_data
[0.820s] running install_egg_info
[0.820s] removing '/home/iic/conversion/install/py_pubsub/lib/python3.6/site-packages/py_pubsub-0.0.0-py3.6.egg-info' (and everything under it)
[0.820s] Copying ../build/py_pubsub/py_pubsub.egg-info to /home/iic/conversion/install/py_pubsub/lib/python3.6/site-packages/py_pubsub-0.0.0-py3.6.egg-info
[0.821s] running install_scripts
[0.850s] Installing listener script to /home/iic/conversion/install/py_pubsub/lib/py_pubsub
[0.850s] Installing talker script to /home/iic/conversion/install/py_pubsub/lib/py_pubsub
[0.850s] writing list of installed files to '/home/iic/conversion/build/py_pubsub/install.log'
[0.881s] Invoked command in '/home/iic/conversion/py_pubsub' returned '0': PYTHONPATH=/home/iic/conversion/install/py_pubsub/lib/python3.6/site-packages:${PYTHONPATH} /usr/bin/python3 setup.py egg_info --egg-base ../build/py_pubsub build --build-base /home/iic/conversion/build/py_pubsub/build install --prefix /home/iic/conversion/install/py_pubsub --record /home/iic/conversion/build/py_pubsub/install.log --single-version-externally-managed
