[0.338s] Invoking command in '/home/iic/conversion/py_pubsub': PYTHONPATH=/home/iic/conversion/install/py_pubsub/lib/python3.6/site-packages:${PYTHONPATH} /usr/bin/python3 setup.py egg_info --egg-base ../build/py_pubsub build --build-base /home/iic/conversion/build/py_pubsub/build install --prefix /home/iic/conversion/install/py_pubsub --record /home/iic/conversion/build/py_pubsub/install.log --single-version-externally-managed
[0.763s] running egg_info
[0.764s] writing ../build/py_pubsub/py_pubsub.egg-info/PKG-INFO
[0.765s] writing dependency_links to ../build/py_pubsub/py_pubsub.egg-info/dependency_links.txt
[0.765s] writing entry points to ../build/py_pubsub/py_pubsub.egg-info/entry_points.txt
[0.765s] writing requirements to ../build/py_pubsub/py_pubsub.egg-info/requires.txt
[0.765s] writing top-level names to ../build/py_pubsub/py_pubsub.egg-info/top_level.txt
[0.805s] reading manifest file '../build/py_pubsub/py_pubsub.egg-info/SOURCES.txt'
[0.807s] writing manifest file '../build/py_pubsub/py_pubsub.egg-info/SOURCES.txt'
[0.807s] running build
[0.807s] running build_py
[0.808s] copying py_pubsub/subscriber_member_function.py -> /home/iic/conversion/build/py_pubsub/build/lib/py_pubsub
[0.809s] running install
[0.809s] running install_lib
[0.811s] copying /home/iic/conversion/build/py_pubsub/build/lib/py_pubsub/subscriber_member_function.py -> /home/iic/conversion/install/py_pubsub/lib/python3.6/site-packages/py_pubsub
[0.811s] byte-compiling /home/iic/conversion/install/py_pubsub/lib/python3.6/site-packages/py_pubsub/subscriber_member_function.py to subscriber_member_function.cpython-36.pyc
[0.812s]   File "/home/iic/conversion/install/py_pubsub/lib/python3.6/site-packages/py_pubsub/subscriber_member_function.py", line 49
[0.812s]     print type(cv_image)
[0.812s]              ^
[0.812s] SyntaxError: invalid syntax
[0.812s] 
[0.812s] running install_data
[0.813s] running install_egg_info
[0.815s] removing '/home/iic/conversion/install/py_pubsub/lib/python3.6/site-packages/py_pubsub-0.0.0-py3.6.egg-info' (and everything under it)
[0.815s] Copying ../build/py_pubsub/py_pubsub.egg-info to /home/iic/conversion/install/py_pubsub/lib/python3.6/site-packages/py_pubsub-0.0.0-py3.6.egg-info
[0.817s] running install_scripts
[0.839s] Installing listener script to /home/iic/conversion/install/py_pubsub/lib/py_pubsub
[0.842s] Installing talker script to /home/iic/conversion/install/py_pubsub/lib/py_pubsub
[0.842s] writing list of installed files to '/home/iic/conversion/build/py_pubsub/install.log'
[0.877s] Invoked command in '/home/iic/conversion/py_pubsub' returned '0': PYTHONPATH=/home/iic/conversion/install/py_pubsub/lib/python3.6/site-packages:${PYTHONPATH} /usr/bin/python3 setup.py egg_info --egg-base ../build/py_pubsub build --build-base /home/iic/conversion/build/py_pubsub/build install --prefix /home/iic/conversion/install/py_pubsub --record /home/iic/conversion/build/py_pubsub/install.log --single-version-externally-managed
