[0.436s] Invoking command in '/home/iic/conversion/py_pubsub': PYTHONPATH=/home/iic/conversion/install/py_pubsub/lib/python3.6/site-packages:${PYTHONPATH} /usr/bin/python3 setup.py egg_info --egg-base ../build/py_pubsub build --build-base /home/iic/conversion/build/py_pubsub/build install --prefix /home/iic/conversion/install/py_pubsub --record /home/iic/conversion/build/py_pubsub/install.log --single-version-externally-managed
[0.875s] running egg_info
[0.876s] writing ../build/py_pubsub/py_pubsub.egg-info/PKG-INFO
[0.876s] writing dependency_links to ../build/py_pubsub/py_pubsub.egg-info/dependency_links.txt
[0.877s] writing entry points to ../build/py_pubsub/py_pubsub.egg-info/entry_points.txt
[0.877s] writing requirements to ../build/py_pubsub/py_pubsub.egg-info/requires.txt
[0.878s] writing top-level names to ../build/py_pubsub/py_pubsub.egg-info/top_level.txt
[0.927s] reading manifest file '../build/py_pubsub/py_pubsub.egg-info/SOURCES.txt'
[0.929s] writing manifest file '../build/py_pubsub/py_pubsub.egg-info/SOURCES.txt'
[0.929s] running build
[0.930s] running build_py
[0.930s] copying py_pubsub/subscriber_member_function.py -> /home/iic/conversion/build/py_pubsub/build/lib/py_pubsub
[0.931s] running install
[0.932s] running install_lib
[0.934s] copying /home/iic/conversion/build/py_pubsub/build/lib/py_pubsub/subscriber_member_function.py -> /home/iic/conversion/install/py_pubsub/lib/python3.6/site-packages/py_pubsub
[0.935s] byte-compiling /home/iic/conversion/install/py_pubsub/lib/python3.6/site-packages/py_pubsub/subscriber_member_function.py to subscriber_member_function.cpython-36.pyc
[0.935s]   File "/home/iic/conversion/install/py_pubsub/lib/python3.6/site-packages/py_pubsub/subscriber_member_function.py", line 59
[0.936s]     print("msg encoding : " + msg.encoding))
[0.936s]                                            ^
[0.936s] SyntaxError: invalid syntax
[0.936s] 
[0.936s] running install_data
[0.937s] running install_egg_info
[0.940s] removing '/home/iic/conversion/install/py_pubsub/lib/python3.6/site-packages/py_pubsub-0.0.0-py3.6.egg-info' (and everything under it)
[0.940s] Copying ../build/py_pubsub/py_pubsub.egg-info to /home/iic/conversion/install/py_pubsub/lib/python3.6/site-packages/py_pubsub-0.0.0-py3.6.egg-info
[0.941s] running install_scripts
[0.968s] Installing listener script to /home/iic/conversion/install/py_pubsub/lib/py_pubsub
[0.969s] Installing talker script to /home/iic/conversion/install/py_pubsub/lib/py_pubsub
[0.969s] writing list of installed files to '/home/iic/conversion/build/py_pubsub/install.log'
[1.010s] Invoked command in '/home/iic/conversion/py_pubsub' returned '0': PYTHONPATH=/home/iic/conversion/install/py_pubsub/lib/python3.6/site-packages:${PYTHONPATH} /usr/bin/python3 setup.py egg_info --egg-base ../build/py_pubsub build --build-base /home/iic/conversion/build/py_pubsub/build install --prefix /home/iic/conversion/install/py_pubsub --record /home/iic/conversion/build/py_pubsub/install.log --single-version-externally-managed
