[0.544s] Invoking command in '/home/iic/conversion/image_converter': PYTHONPATH=/home/iic/conversion/install/image_converter/lib/python3.6/site-packages:${PYTHONPATH} /usr/bin/python3 setup.py egg_info --egg-base ../build/image_converter build --build-base /home/iic/conversion/build/image_converter/build install --prefix /home/iic/conversion/install/image_converter --record /home/iic/conversion/build/image_converter/install.log --single-version-externally-managed
[0.899s] running egg_info
[0.900s] writing ../build/image_converter/image_converter.egg-info/PKG-INFO
[0.901s] writing dependency_links to ../build/image_converter/image_converter.egg-info/dependency_links.txt
[0.902s] writing entry points to ../build/image_converter/image_converter.egg-info/entry_points.txt
[0.908s] writing requirements to ../build/image_converter/image_converter.egg-info/requires.txt
[0.908s] writing top-level names to ../build/image_converter/image_converter.egg-info/top_level.txt
[0.960s] reading manifest file '../build/image_converter/image_converter.egg-info/SOURCES.txt'
[0.962s] writing manifest file '../build/image_converter/image_converter.egg-info/SOURCES.txt'
[0.962s] running build
[0.962s] running build_py
[0.963s] running install
[0.963s] running install_lib
[0.965s] running install_data
[0.966s] running install_egg_info
[0.968s] removing '/home/iic/conversion/install/image_converter/lib/python3.6/site-packages/image_converter-0.0.0-py3.6.egg-info' (and everything under it)
[0.968s] Copying ../build/image_converter/image_converter.egg-info to /home/iic/conversion/install/image_converter/lib/python3.6/site-packages/image_converter-0.0.0-py3.6.egg-info
[0.970s] running install_scripts
[0.997s] Installing converter script to /home/iic/conversion/install/image_converter/lib/image_converter
[0.997s] writing list of installed files to '/home/iic/conversion/build/image_converter/install.log'
[1.047s] Invoked command in '/home/iic/conversion/image_converter' returned '0': PYTHONPATH=/home/iic/conversion/install/image_converter/lib/python3.6/site-packages:${PYTHONPATH} /usr/bin/python3 setup.py egg_info --egg-base ../build/image_converter build --build-base /home/iic/conversion/build/image_converter/build install --prefix /home/iic/conversion/install/image_converter --record /home/iic/conversion/build/image_converter/install.log --single-version-externally-managed
