[0.385s] Invoking command in '/home/iic/conversion/py_pubsub': PYTHONPATH=/home/iic/conversion/install/py_pubsub/lib/python3.6/site-packages:${PYTHONPATH} /usr/bin/python3 setup.py egg_info --egg-base ../build/py_pubsub build --build-base /home/iic/conversion/build/py_pubsub/build install --prefix /home/iic/conversion/install/py_pubsub --record /home/iic/conversion/build/py_pubsub/install.log --single-version-externally-managed
[0.862s] running egg_info
[0.863s] writing ../build/py_pubsub/py_pubsub.egg-info/PKG-INFO
[0.864s] writing dependency_links to ../build/py_pubsub/py_pubsub.egg-info/dependency_links.txt
[0.865s] writing entry points to ../build/py_pubsub/py_pubsub.egg-info/entry_points.txt
[0.865s] writing requirements to ../build/py_pubsub/py_pubsub.egg-info/requires.txt
[0.866s] writing top-level names to ../build/py_pubsub/py_pubsub.egg-info/top_level.txt
[0.916s] reading manifest file '../build/py_pubsub/py_pubsub.egg-info/SOURCES.txt'
[0.926s] writing manifest file '../build/py_pubsub/py_pubsub.egg-info/SOURCES.txt'
[0.926s] running build
[0.926s] running build_py
[0.927s] copying py_pubsub/subscriber_member_function.py -> /home/iic/conversion/build/py_pubsub/build/lib/py_pubsub
[0.930s] running install
[0.931s] running install_lib
[0.937s] copying /home/iic/conversion/build/py_pubsub/build/lib/py_pubsub/subscriber_member_function.py -> /home/iic/conversion/install/py_pubsub/lib/python3.6/site-packages/py_pubsub
[0.941s] byte-compiling /home/iic/conversion/install/py_pubsub/lib/python3.6/site-packages/py_pubsub/subscriber_member_function.py to subscriber_member_function.cpython-36.pyc
[0.946s] running install_data
[0.948s] running install_egg_info
[0.952s] removing '/home/iic/conversion/install/py_pubsub/lib/python3.6/site-packages/py_pubsub-0.0.0-py3.6.egg-info' (and everything under it)
[0.958s] Copying ../build/py_pubsub/py_pubsub.egg-info to /home/iic/conversion/install/py_pubsub/lib/python3.6/site-packages/py_pubsub-0.0.0-py3.6.egg-info
[0.961s] running install_scripts
[1.023s] Installing listener script to /home/iic/conversion/install/py_pubsub/lib/py_pubsub
[1.031s] Installing talker script to /home/iic/conversion/install/py_pubsub/lib/py_pubsub
[1.031s] writing list of installed files to '/home/iic/conversion/build/py_pubsub/install.log'
[1.089s] Invoked command in '/home/iic/conversion/py_pubsub' returned '0': PYTHONPATH=/home/iic/conversion/install/py_pubsub/lib/python3.6/site-packages:${PYTHONPATH} /usr/bin/python3 setup.py egg_info --egg-base ../build/py_pubsub build --build-base /home/iic/conversion/build/py_pubsub/build install --prefix /home/iic/conversion/install/py_pubsub --record /home/iic/conversion/build/py_pubsub/install.log --single-version-externally-managed
