[0.412s] Invoking command in '/home/iic/conversion/py_pubsub': PYTHONPATH=/home/iic/conversion/install/py_pubsub/lib/python3.6/site-packages:${PYTHONPATH} /usr/bin/python3 setup.py egg_info --egg-base ../build/py_pubsub build --build-base /home/iic/conversion/build/py_pubsub/build install --prefix /home/iic/conversion/install/py_pubsub --record /home/iic/conversion/build/py_pubsub/install.log --single-version-externally-managed
[0.790s] running egg_info
[0.793s] writing ../build/py_pubsub/py_pubsub.egg-info/PKG-INFO
[0.795s] writing dependency_links to ../build/py_pubsub/py_pubsub.egg-info/dependency_links.txt
[0.796s] writing entry points to ../build/py_pubsub/py_pubsub.egg-info/entry_points.txt
[0.796s] writing requirements to ../build/py_pubsub/py_pubsub.egg-info/requires.txt
[0.796s] writing top-level names to ../build/py_pubsub/py_pubsub.egg-info/top_level.txt
[0.848s] reading manifest file '../build/py_pubsub/py_pubsub.egg-info/SOURCES.txt'
[0.850s] writing manifest file '../build/py_pubsub/py_pubsub.egg-info/SOURCES.txt'
[0.850s] running build
[0.850s] running build_py
[0.850s] copying py_pubsub/publisher_member_function.py -> /home/iic/conversion/build/py_pubsub/build/lib/py_pubsub
[0.851s] running install
[0.852s] running install_lib
[0.854s] copying /home/iic/conversion/build/py_pubsub/build/lib/py_pubsub/publisher_member_function.py -> /home/iic/conversion/install/py_pubsub/lib/python3.6/site-packages/py_pubsub
[0.855s] byte-compiling /home/iic/conversion/install/py_pubsub/lib/python3.6/site-packages/py_pubsub/publisher_member_function.py to publisher_member_function.cpython-36.pyc
[0.856s]   File "/home/iic/conversion/install/py_pubsub/lib/python3.6/site-packages/py_pubsub/publisher_member_function.py", line 18
[0.856s]     except CvBridgeError, e:
[0.856s]                         ^
[0.856s] SyntaxError: invalid syntax
[0.856s] 
[0.856s] running install_data
[0.856s] running install_egg_info
[0.859s] removing '/home/iic/conversion/install/py_pubsub/lib/python3.6/site-packages/py_pubsub-0.0.0-py3.6.egg-info' (and everything under it)
[0.859s] Copying ../build/py_pubsub/py_pubsub.egg-info to /home/iic/conversion/install/py_pubsub/lib/python3.6/site-packages/py_pubsub-0.0.0-py3.6.egg-info
[0.861s] running install_scripts
[0.888s] Installing listener script to /home/iic/conversion/install/py_pubsub/lib/py_pubsub
[0.888s] Installing talker script to /home/iic/conversion/install/py_pubsub/lib/py_pubsub
[0.889s] writing list of installed files to '/home/iic/conversion/build/py_pubsub/install.log'
[0.939s] Invoked command in '/home/iic/conversion/py_pubsub' returned '0': PYTHONPATH=/home/iic/conversion/install/py_pubsub/lib/python3.6/site-packages:${PYTHONPATH} /usr/bin/python3 setup.py egg_info --egg-base ../build/py_pubsub build --build-base /home/iic/conversion/build/py_pubsub/build install --prefix /home/iic/conversion/install/py_pubsub --record /home/iic/conversion/build/py_pubsub/install.log --single-version-externally-managed
