[0.750s] Invoking command in '/home/iic/conversion/image_converter': PYTHONPATH=/home/iic/conversion/install/image_converter/lib/python3.6/site-packages:${PYTHONPATH} /usr/bin/python3 setup.py egg_info --egg-base ../build/image_converter build --build-base /home/iic/conversion/build/image_converter/build install --prefix /home/iic/conversion/install/image_converter --record /home/iic/conversion/build/image_converter/install.log --single-version-externally-managed
[1.170s] running egg_info
[1.171s] writing ../build/image_converter/image_converter.egg-info/PKG-INFO
[1.172s] writing dependency_links to ../build/image_converter/image_converter.egg-info/dependency_links.txt
[1.172s] writing entry points to ../build/image_converter/image_converter.egg-info/entry_points.txt
[1.173s] writing requirements to ../build/image_converter/image_converter.egg-info/requires.txt
[1.173s] writing top-level names to ../build/image_converter/image_converter.egg-info/top_level.txt
[1.231s] reading manifest file '../build/image_converter/image_converter.egg-info/SOURCES.txt'
[1.233s] writing manifest file '../build/image_converter/image_converter.egg-info/SOURCES.txt'
[1.234s] running build
[1.234s] running build_py
[1.234s] running install
[1.235s] running install_lib
[1.237s] running install_data
[1.239s] running install_egg_info
[1.241s] removing '/home/iic/conversion/install/image_converter/lib/python3.6/site-packages/image_converter-0.0.0-py3.6.egg-info' (and everything under it)
[1.242s] Copying ../build/image_converter/image_converter.egg-info to /home/iic/conversion/install/image_converter/lib/python3.6/site-packages/image_converter-0.0.0-py3.6.egg-info
[1.243s] running install_scripts
[1.277s] Installing converter script to /home/iic/conversion/install/image_converter/lib/image_converter
[1.277s] writing list of installed files to '/home/iic/conversion/build/image_converter/install.log'
[1.320s] Invoked command in '/home/iic/conversion/image_converter' returned '0': PYTHONPATH=/home/iic/conversion/install/image_converter/lib/python3.6/site-packages:${PYTHONPATH} /usr/bin/python3 setup.py egg_info --egg-base ../build/image_converter build --build-base /home/iic/conversion/build/image_converter/build install --prefix /home/iic/conversion/install/image_converter --record /home/iic/conversion/build/image_converter/install.log --single-version-externally-managed
