[0.545s] Invoking command in '/home/iic/conversion/py_pubsub': PYTHONPATH=/home/iic/conversion/install/py_pubsub/lib/python3.6/site-packages:${PYTHONPATH} /usr/bin/python3 setup.py egg_info --egg-base ../build/py_pubsub build --build-base /home/iic/conversion/build/py_pubsub/build install --prefix /home/iic/conversion/install/py_pubsub --record /home/iic/conversion/build/py_pubsub/install.log --single-version-externally-managed
[0.920s] running egg_info
[0.921s] writing ../build/py_pubsub/py_pubsub.egg-info/PKG-INFO
[0.922s] writing dependency_links to ../build/py_pubsub/py_pubsub.egg-info/dependency_links.txt
[0.923s] writing entry points to ../build/py_pubsub/py_pubsub.egg-info/entry_points.txt
[0.924s] writing requirements to ../build/py_pubsub/py_pubsub.egg-info/requires.txt
[0.924s] writing top-level names to ../build/py_pubsub/py_pubsub.egg-info/top_level.txt
[0.981s] reading manifest file '../build/py_pubsub/py_pubsub.egg-info/SOURCES.txt'
[0.982s] writing manifest file '../build/py_pubsub/py_pubsub.egg-info/SOURCES.txt'
[0.983s] running build
[0.983s] running build_py
[0.983s] running install
[0.984s] running install_lib
[0.986s] running install_data
[0.987s] running install_egg_info
[0.990s] removing '/home/iic/conversion/install/py_pubsub/lib/python3.6/site-packages/py_pubsub-0.0.0-py3.6.egg-info' (and everything under it)
[0.990s] Copying ../build/py_pubsub/py_pubsub.egg-info to /home/iic/conversion/install/py_pubsub/lib/python3.6/site-packages/py_pubsub-0.0.0-py3.6.egg-info
[0.991s] running install_scripts
[1.023s] Installing convert script to /home/iic/conversion/install/py_pubsub/lib/py_pubsub
[1.024s] writing list of installed files to '/home/iic/conversion/build/py_pubsub/install.log'
[1.061s] Invoked command in '/home/iic/conversion/py_pubsub' returned '0': PYTHONPATH=/home/iic/conversion/install/py_pubsub/lib/python3.6/site-packages:${PYTHONPATH} /usr/bin/python3 setup.py egg_info --egg-base ../build/py_pubsub build --build-base /home/iic/conversion/build/py_pubsub/build install --prefix /home/iic/conversion/install/py_pubsub --record /home/iic/conversion/build/py_pubsub/install.log --single-version-externally-managed
