[0.631s] Invoking command in '/home/iic/conversion/py_pubsub': PYTHONPATH=/home/iic/conversion/install/py_pubsub/lib/python3.6/site-packages:${PYTHONPATH} /usr/bin/python3 setup.py egg_info --egg-base ../build/py_pubsub build --build-base /home/iic/conversion/build/py_pubsub/build install --prefix /home/iic/conversion/install/py_pubsub --record /home/iic/conversion/build/py_pubsub/install.log --single-version-externally-managed
[1.084s] running egg_info
[1.089s] writing ../build/py_pubsub/py_pubsub.egg-info/PKG-INFO
[1.089s] writing dependency_links to ../build/py_pubsub/py_pubsub.egg-info/dependency_links.txt
[1.089s] writing entry points to ../build/py_pubsub/py_pubsub.egg-info/entry_points.txt
[1.089s] writing requirements to ../build/py_pubsub/py_pubsub.egg-info/requires.txt
[1.089s] writing top-level names to ../build/py_pubsub/py_pubsub.egg-info/top_level.txt
[1.124s] reading manifest file '../build/py_pubsub/py_pubsub.egg-info/SOURCES.txt'
[1.126s] writing manifest file '../build/py_pubsub/py_pubsub.egg-info/SOURCES.txt'
[1.126s] running build
[1.126s] running build_py
[1.127s] running install
[1.127s] running install_lib
[1.129s] running install_data
[1.130s] running install_egg_info
[1.134s] removing '/home/iic/conversion/install/py_pubsub/lib/python3.6/site-packages/py_pubsub-0.0.0-py3.6.egg-info' (and everything under it)
[1.134s] Copying ../build/py_pubsub/py_pubsub.egg-info to /home/iic/conversion/install/py_pubsub/lib/python3.6/site-packages/py_pubsub-0.0.0-py3.6.egg-info
[1.136s] running install_scripts
[1.167s] Installing convert script to /home/iic/conversion/install/py_pubsub/lib/py_pubsub
[1.168s] writing list of installed files to '/home/iic/conversion/build/py_pubsub/install.log'
[1.222s] Invoked command in '/home/iic/conversion/py_pubsub' returned '0': PYTHONPATH=/home/iic/conversion/install/py_pubsub/lib/python3.6/site-packages:${PYTHONPATH} /usr/bin/python3 setup.py egg_info --egg-base ../build/py_pubsub build --build-base /home/iic/conversion/build/py_pubsub/build install --prefix /home/iic/conversion/install/py_pubsub --record /home/iic/conversion/build/py_pubsub/install.log --single-version-externally-managed
