[0.547s] Invoking command in '/home/iic/conversion/image_converter': PYTHONPATH=/home/iic/conversion/install/image_converter/lib/python3.6/site-packages:${PYTHONPATH} /usr/bin/python3 setup.py egg_info --egg-base ../build/image_converter build --build-base /home/iic/conversion/build/image_converter/build install --prefix /home/iic/conversion/install/image_converter --record /home/iic/conversion/build/image_converter/install.log --single-version-externally-managed
[0.928s] running egg_info
[0.930s] writing ../build/image_converter/image_converter.egg-info/PKG-INFO
[0.931s] writing dependency_links to ../build/image_converter/image_converter.egg-info/dependency_links.txt
[0.931s] writing entry points to ../build/image_converter/image_converter.egg-info/entry_points.txt
[0.931s] writing requirements to ../build/image_converter/image_converter.egg-info/requires.txt
[0.931s] writing top-level names to ../build/image_converter/image_converter.egg-info/top_level.txt
[0.996s] reading manifest file '../build/image_converter/image_converter.egg-info/SOURCES.txt'
[0.999s] writing manifest file '../build/image_converter/image_converter.egg-info/SOURCES.txt'
[0.999s] running build
[0.999s] running build_py
[1.000s] copying image_converter/convert.py -> /home/iic/conversion/build/image_converter/build/lib/image_converter
[1.001s] running install
[1.002s] running install_lib
[1.004s] copying /home/iic/conversion/build/image_converter/build/lib/image_converter/convert.py -> /home/iic/conversion/install/image_converter/lib/python3.6/site-packages/image_converter
[1.006s] byte-compiling /home/iic/conversion/install/image_converter/lib/python3.6/site-packages/image_converter/convert.py to convert.cpython-36.pyc
[1.007s] running install_data
[1.009s] running install_egg_info
[1.012s] removing '/home/iic/conversion/install/image_converter/lib/python3.6/site-packages/image_converter-0.0.0-py3.6.egg-info' (and everything under it)
[1.013s] Copying ../build/image_converter/image_converter.egg-info to /home/iic/conversion/install/image_converter/lib/python3.6/site-packages/image_converter-0.0.0-py3.6.egg-info
[1.015s] running install_scripts
[1.041s] Installing converter script to /home/iic/conversion/install/image_converter/lib/image_converter
[1.042s] writing list of installed files to '/home/iic/conversion/build/image_converter/install.log'
[1.091s] Invoked command in '/home/iic/conversion/image_converter' returned '0': PYTHONPATH=/home/iic/conversion/install/image_converter/lib/python3.6/site-packages:${PYTHONPATH} /usr/bin/python3 setup.py egg_info --egg-base ../build/image_converter build --build-base /home/iic/conversion/build/image_converter/build install --prefix /home/iic/conversion/install/image_converter --record /home/iic/conversion/build/image_converter/install.log --single-version-externally-managed
