[0.474s] Invoking command in '/home/iic/conversion/py_pubsub': PYTHONPATH=/home/iic/conversion/install/py_pubsub/lib/python3.6/site-packages:${PYTHONPATH} /usr/bin/python3 setup.py egg_info --egg-base ../build/py_pubsub build --build-base /home/iic/conversion/build/py_pubsub/build install --prefix /home/iic/conversion/install/py_pubsub --record /home/iic/conversion/build/py_pubsub/install.log --single-version-externally-managed
[0.962s] running egg_info
[0.967s] writing ../build/py_pubsub/py_pubsub.egg-info/PKG-INFO
[0.972s] writing dependency_links to ../build/py_pubsub/py_pubsub.egg-info/dependency_links.txt
[0.975s] writing entry points to ../build/py_pubsub/py_pubsub.egg-info/entry_points.txt
[0.978s] writing requirements to ../build/py_pubsub/py_pubsub.egg-info/requires.txt
[0.981s] writing top-level names to ../build/py_pubsub/py_pubsub.egg-info/top_level.txt
[1.044s] reading manifest file '../build/py_pubsub/py_pubsub.egg-info/SOURCES.txt'
[1.045s] writing manifest file '../build/py_pubsub/py_pubsub.egg-info/SOURCES.txt'
[1.046s] running build
[1.046s] running build_py
[1.046s] copying py_pubsub/subscriber_member_function.py -> /home/iic/conversion/build/py_pubsub/build/lib/py_pubsub
[1.046s] running install
[1.047s] running install_lib
[1.048s] copying /home/iic/conversion/build/py_pubsub/build/lib/py_pubsub/subscriber_member_function.py -> /home/iic/conversion/install/py_pubsub/lib/python3.6/site-packages/py_pubsub
[1.049s] byte-compiling /home/iic/conversion/install/py_pubsub/lib/python3.6/site-packages/py_pubsub/subscriber_member_function.py to subscriber_member_function.cpython-36.pyc
[1.050s] running install_data
[1.059s] running install_egg_info
[1.068s] removing '/home/iic/conversion/install/py_pubsub/lib/python3.6/site-packages/py_pubsub-0.0.0-py3.6.egg-info' (and everything under it)
[1.072s] Copying ../build/py_pubsub/py_pubsub.egg-info to /home/iic/conversion/install/py_pubsub/lib/python3.6/site-packages/py_pubsub-0.0.0-py3.6.egg-info
[1.074s] running install_scripts
[1.110s] Installing listener script to /home/iic/conversion/install/py_pubsub/lib/py_pubsub
[1.112s] Installing talker script to /home/iic/conversion/install/py_pubsub/lib/py_pubsub
[1.115s] writing list of installed files to '/home/iic/conversion/build/py_pubsub/install.log'
[1.162s] Invoked command in '/home/iic/conversion/py_pubsub' returned '0': PYTHONPATH=/home/iic/conversion/install/py_pubsub/lib/python3.6/site-packages:${PYTHONPATH} /usr/bin/python3 setup.py egg_info --egg-base ../build/py_pubsub build --build-base /home/iic/conversion/build/py_pubsub/build install --prefix /home/iic/conversion/install/py_pubsub --record /home/iic/conversion/build/py_pubsub/install.log --single-version-externally-managed
