[0.293s] DEBUG:colcon:Command line arguments: ['/usr/bin/colcon', 'build']
[0.293s] DEBUG:colcon:Parsed command line arguments: Namespace(ament_cmake_args=None, base_paths=['.'], build_base='build', catkin_cmake_args=None, catkin_skip_building_tests=False, cmake_args=None, cmake_clean_cache=False, cmake_clean_first=False, cmake_force_configure=False, cmake_target=None, cmake_target_skip_unavailable=False, continue_on_error=False, event_handlers=None, executor='parallel', ignore_user_meta=False, install_base='install', log_base=None, log_level=None, main=<bound method BuildVerb.main of <colcon_core.verb.build.BuildVerb object at 0x7fc3d5af6278>>, merge_install=False, metas=['./colcon.meta'], packages_above=None, packages_above_and_dependencies=None, packages_above_depth=None, packages_end=None, packages_ignore=None, packages_ignore_regex=None, packages_select=None, packages_select_build_failed=False, packages_select_by_dep=None, packages_select_regex=None, packages_select_test_failures=False, packages_skip=None, packages_skip_build_finished=False, packages_skip_by_dep=None, packages_skip_regex=None, packages_skip_test_passed=False, packages_skip_up_to=None, packages_start=None, packages_up_to=None, packages_up_to_regex=None, parallel_workers=4, paths=None, symlink_install=False, test_result_base=None, verb_extension=<colcon_core.verb.build.BuildVerb object at 0x7fc3d5af6278>, verb_name='build', verb_parser=<colcon_defaults.argument_parser.defaults.DefaultArgumentsDecorator object at 0x7fc3d5af6630>)
[0.303s] Level 1:colcon.colcon_core.package_discovery:discover_packages(colcon_meta) check parameters
[0.303s] Level 1:colcon.colcon_core.package_discovery:discover_packages(recursive) check parameters
[0.303s] Level 1:colcon.colcon_core.package_discovery:discover_packages(ignore) check parameters
[0.303s] Level 1:colcon.colcon_core.package_discovery:discover_packages(path) check parameters
[0.303s] Level 1:colcon.colcon_core.package_discovery:discover_packages(colcon_meta) discover
[0.304s] Level 1:colcon.colcon_core.package_discovery:discover_packages(recursive) discover
[0.304s] INFO:colcon.colcon_core.package_discovery:Crawling recursively for packages in '/home/iic/conversion'
[0.304s] Level 1:colcon.colcon_core.package_identification:_identify(.) by extensions ['ignore', 'ignore_ament_install']
[0.304s] Level 1:colcon.colcon_core.package_identification:_identify(.) by extension 'ignore'
[0.304s] Level 1:colcon.colcon_core.package_identification:_identify(.) by extension 'ignore_ament_install'
[0.304s] Level 1:colcon.colcon_core.package_identification:_identify(.) by extensions ['colcon_pkg']
[0.304s] Level 1:colcon.colcon_core.package_identification:_identify(.) by extension 'colcon_pkg'
[0.305s] Level 1:colcon.colcon_core.package_identification:_identify(.) by extensions ['colcon_meta']
[0.305s] Level 1:colcon.colcon_core.package_identification:_identify(.) by extension 'colcon_meta'
[0.305s] Level 1:colcon.colcon_core.package_identification:_identify(.) by extensions ['ros']
[0.305s] Level 1:colcon.colcon_core.package_identification:_identify(.) by extension 'ros'
[0.322s] Level 1:colcon.colcon_core.package_identification:_identify(.) by extensions ['cmake', 'python']
[0.323s] Level 1:colcon.colcon_core.package_identification:_identify(.) by extension 'cmake'
[0.323s] Level 1:colcon.colcon_core.package_identification:_identify(.) by extension 'python'
[0.323s] Level 1:colcon.colcon_core.package_identification:_identify(.) by extensions ['python_setup_py']
[0.323s] Level 1:colcon.colcon_core.package_identification:_identify(.) by extension 'python_setup_py'
[0.323s] Level 1:colcon.colcon_core.package_identification:_identify(build) by extensions ['ignore', 'ignore_ament_install']
[0.323s] Level 1:colcon.colcon_core.package_identification:_identify(build) by extension 'ignore'
[0.323s] Level 1:colcon.colcon_core.package_identification:_identify(build) ignored
[0.324s] Level 1:colcon.colcon_core.package_identification:_identify(install) by extensions ['ignore', 'ignore_ament_install']
[0.324s] Level 1:colcon.colcon_core.package_identification:_identify(install) by extension 'ignore'
[0.324s] Level 1:colcon.colcon_core.package_identification:_identify(install) ignored
[0.325s] Level 1:colcon.colcon_core.package_identification:_identify(log) by extensions ['ignore', 'ignore_ament_install']
[0.325s] Level 1:colcon.colcon_core.package_identification:_identify(log) by extension 'ignore'
[0.325s] Level 1:colcon.colcon_core.package_identification:_identify(log) ignored
[0.325s] Level 1:colcon.colcon_core.package_identification:_identify(py_pubsub) by extensions ['ignore', 'ignore_ament_install']
[0.325s] Level 1:colcon.colcon_core.package_identification:_identify(py_pubsub) by extension 'ignore'
[0.325s] Level 1:colcon.colcon_core.package_identification:_identify(py_pubsub) by extension 'ignore_ament_install'
[0.325s] Level 1:colcon.colcon_core.package_identification:_identify(py_pubsub) by extensions ['colcon_pkg']
[0.325s] Level 1:colcon.colcon_core.package_identification:_identify(py_pubsub) by extension 'colcon_pkg'
[0.326s] Level 1:colcon.colcon_core.package_identification:_identify(py_pubsub) by extensions ['colcon_meta']
[0.326s] Level 1:colcon.colcon_core.package_identification:_identify(py_pubsub) by extension 'colcon_meta'
[0.326s] Level 1:colcon.colcon_core.package_identification:_identify(py_pubsub) by extensions ['ros']
[0.326s] Level 1:colcon.colcon_core.package_identification:_identify(py_pubsub) by extension 'ros'
[0.329s] DEBUG:colcon.colcon_core.package_identification:Package 'py_pubsub' with type 'ros.ament_python' and name 'py_pubsub'
[0.330s] Level 1:colcon.colcon_core.package_identification:_identify(ros2_usb_camera) by extensions ['ignore', 'ignore_ament_install']
[0.330s] Level 1:colcon.colcon_core.package_identification:_identify(ros2_usb_camera) by extension 'ignore'
[0.330s] Level 1:colcon.colcon_core.package_identification:_identify(ros2_usb_camera) by extension 'ignore_ament_install'
[0.330s] Level 1:colcon.colcon_core.package_identification:_identify(ros2_usb_camera) by extensions ['colcon_pkg']
[0.330s] Level 1:colcon.colcon_core.package_identification:_identify(ros2_usb_camera) by extension 'colcon_pkg'
[0.330s] Level 1:colcon.colcon_core.package_identification:_identify(ros2_usb_camera) by extensions ['colcon_meta']
[0.330s] Level 1:colcon.colcon_core.package_identification:_identify(ros2_usb_camera) by extension 'colcon_meta'
[0.330s] Level 1:colcon.colcon_core.package_identification:_identify(ros2_usb_camera) by extensions ['ros']
[0.330s] Level 1:colcon.colcon_core.package_identification:_identify(ros2_usb_camera) by extension 'ros'
[0.333s] DEBUG:colcon.colcon_core.package_identification:Package 'ros2_usb_camera' with type 'ros.ament_cmake' and name 'usb_camera_driver'
[0.333s] Level 1:colcon.colcon_core.package_discovery:discover_packages(recursive) using defaults
[0.333s] Level 1:colcon.colcon_core.package_discovery:discover_packages(ignore) discover
[0.333s] Level 1:colcon.colcon_core.package_discovery:discover_packages(ignore) using defaults
[0.333s] Level 1:colcon.colcon_core.package_discovery:discover_packages(path) discover
[0.333s] Level 1:colcon.colcon_core.package_discovery:discover_packages(path) using defaults
[0.364s] Level 5:colcon.colcon_core.verb:set package 'py_pubsub' build argument 'cmake_args' from command line to 'None'
[0.365s] Level 5:colcon.colcon_core.verb:set package 'py_pubsub' build argument 'cmake_target' from command line to 'None'
[0.365s] Level 5:colcon.colcon_core.verb:set package 'py_pubsub' build argument 'cmake_target_skip_unavailable' from command line to 'False'
[0.365s] Level 5:colcon.colcon_core.verb:set package 'py_pubsub' build argument 'cmake_clean_cache' from command line to 'False'
[0.365s] Level 5:colcon.colcon_core.verb:set package 'py_pubsub' build argument 'cmake_clean_first' from command line to 'False'
[0.365s] Level 5:colcon.colcon_core.verb:set package 'py_pubsub' build argument 'cmake_force_configure' from command line to 'False'
[0.365s] Level 5:colcon.colcon_core.verb:set package 'py_pubsub' build argument 'ament_cmake_args' from command line to 'None'
[0.365s] Level 5:colcon.colcon_core.verb:set package 'py_pubsub' build argument 'catkin_cmake_args' from command line to 'None'
[0.365s] Level 5:colcon.colcon_core.verb:set package 'py_pubsub' build argument 'catkin_skip_building_tests' from command line to 'False'
[0.365s] DEBUG:colcon.colcon_core.verb:Building package 'py_pubsub' with the following arguments: {'ament_cmake_args': None, 'build_base': '/home/iic/conversion/build/py_pubsub', 'catkin_cmake_args': None, 'catkin_skip_building_tests': False, 'cmake_args': None, 'cmake_clean_cache': False, 'cmake_clean_first': False, 'cmake_force_configure': False, 'cmake_target': None, 'cmake_target_skip_unavailable': False, 'install_base': '/home/iic/conversion/install/py_pubsub', 'merge_install': False, 'path': '/home/iic/conversion/py_pubsub', 'symlink_install': False, 'test_result_base': None}
[0.370s] Level 5:colcon.colcon_core.verb:set package 'usb_camera_driver' build argument 'cmake_args' from command line to 'None'
[0.370s] Level 5:colcon.colcon_core.verb:set package 'usb_camera_driver' build argument 'cmake_target' from command line to 'None'
[0.370s] Level 5:colcon.colcon_core.verb:set package 'usb_camera_driver' build argument 'cmake_target_skip_unavailable' from command line to 'False'
[0.370s] Level 5:colcon.colcon_core.verb:set package 'usb_camera_driver' build argument 'cmake_clean_cache' from command line to 'False'
[0.370s] Level 5:colcon.colcon_core.verb:set package 'usb_camera_driver' build argument 'cmake_clean_first' from command line to 'False'
[0.370s] Level 5:colcon.colcon_core.verb:set package 'usb_camera_driver' build argument 'cmake_force_configure' from command line to 'False'
[0.370s] Level 5:colcon.colcon_core.verb:set package 'usb_camera_driver' build argument 'ament_cmake_args' from command line to 'None'
[0.370s] Level 5:colcon.colcon_core.verb:set package 'usb_camera_driver' build argument 'catkin_cmake_args' from command line to 'None'
[0.370s] Level 5:colcon.colcon_core.verb:set package 'usb_camera_driver' build argument 'catkin_skip_building_tests' from command line to 'False'
[0.370s] DEBUG:colcon.colcon_core.verb:Building package 'usb_camera_driver' with the following arguments: {'ament_cmake_args': None, 'build_base': '/home/iic/conversion/build/usb_camera_driver', 'catkin_cmake_args': None, 'catkin_skip_building_tests': False, 'cmake_args': None, 'cmake_clean_cache': False, 'cmake_clean_first': False, 'cmake_force_configure': False, 'cmake_target': None, 'cmake_target_skip_unavailable': False, 'install_base': '/home/iic/conversion/install/usb_camera_driver', 'merge_install': False, 'path': '/home/iic/conversion/ros2_usb_camera', 'symlink_install': False, 'test_result_base': None}
[0.371s] INFO:colcon.colcon_core.executor:Executing jobs using 'parallel' executor
[0.376s] DEBUG:colcon.colcon_parallel_executor.executor.parallel:run_until_complete
[0.377s] INFO:colcon.colcon_ros.task.ament_python.build:Building ROS package in '/home/iic/conversion/py_pubsub' with build type 'ament_python'
[0.377s] Level 1:colcon.colcon_core.shell:create_environment_hook('py_pubsub', 'ament_prefix_path')
[0.383s] INFO:colcon.colcon_core.plugin_system:Skipping extension 'colcon_core.shell.bat': Not used on non-Windows systems
[0.384s] INFO:colcon.colcon_core.shell:Creating environment hook '/home/iic/conversion/install/py_pubsub/share/py_pubsub/hook/ament_prefix_path.ps1'
[0.385s] INFO:colcon.colcon_core.shell:Creating environment descriptor '/home/iic/conversion/install/py_pubsub/share/py_pubsub/hook/ament_prefix_path.dsv'
[0.386s] INFO:colcon.colcon_core.shell:Creating environment hook '/home/iic/conversion/install/py_pubsub/share/py_pubsub/hook/ament_prefix_path.sh'
[0.389s] INFO:colcon.colcon_core.shell:Skip shell extension 'powershell' for command environment: Not usable outside of PowerShell
[0.389s] DEBUG:colcon.colcon_core.shell:Skip shell extension 'dsv' for command environment
[0.394s] DEBUG:colcon.colcon_core.shell:Ignoring prefix path '/opt/ros/dashing'
[0.401s] INFO:colcon.colcon_ros.task.ament_cmake.build:Building ROS package in '/home/iic/conversion/ros2_usb_camera' with build type 'ament_cmake'
[0.401s] INFO:colcon.colcon_cmake.task.cmake.build:Building CMake package in '/home/iic/conversion/ros2_usb_camera'
[0.403s] INFO:colcon.colcon_core.shell:Skip shell extension 'powershell' for command environment: Not usable outside of PowerShell
[0.403s] DEBUG:colcon.colcon_core.shell:Skip shell extension 'dsv' for command environment
[0.408s] DEBUG:colcon.colcon_core.shell:Ignoring prefix path '/opt/ros/dashing'
[0.818s] INFO:colcon.colcon_core.task.python.build:Building Python package in '/home/iic/conversion/py_pubsub'
[0.820s] INFO:colcon.colcon_core.shell:Skip shell extension 'powershell' for command environment: Not usable outside of PowerShell
[0.820s] DEBUG:colcon.colcon_core.shell:Skip shell extension 'dsv' for command environment
[0.826s] DEBUG:colcon.colcon_core.shell:Ignoring prefix path '/opt/ros/dashing'
[0.836s] DEBUG:colcon.colcon_core.event_handler.log_command:Invoking command in '/home/iic/conversion/build/usb_camera_driver': CMAKE_PREFIX_PATH=${CMAKE_PREFIX_PATH}:/home/iic/conversion/install/py_pubsub:/home/iic/conversion/install/conversion:/home/iic/turtlebot3_ws/install/turtlebot3_teleop:/home/iic/turtlebot3_ws/install/turtlebot3_example:/opt/ros/dashing /usr/bin/cmake --build /home/iic/conversion/build/usb_camera_driver -- -j4 -l4
[0.863s] DEBUG:colcon.colcon_core.event_handler.log_command:Invoking command in '/home/iic/conversion/py_pubsub': PYTHONPATH=/home/iic/conversion/install/py_pubsub/lib/python3.6/site-packages:${PYTHONPATH} /usr/bin/python3 setup.py egg_info --egg-base ../build/py_pubsub build --build-base /home/iic/conversion/build/py_pubsub/build install --prefix /home/iic/conversion/install/py_pubsub --record /home/iic/conversion/build/py_pubsub/install.log --single-version-externally-managed
[1.227s] DEBUG:colcon.colcon_core.event_handler.log_command:Invoked command in '/home/iic/conversion/build/usb_camera_driver' returned '0': CMAKE_PREFIX_PATH=${CMAKE_PREFIX_PATH}:/home/iic/conversion/install/py_pubsub:/home/iic/conversion/install/conversion:/home/iic/turtlebot3_ws/install/turtlebot3_teleop:/home/iic/turtlebot3_ws/install/turtlebot3_example:/opt/ros/dashing /usr/bin/cmake --build /home/iic/conversion/build/usb_camera_driver -- -j4 -l4
[1.416s] Level 1:colcon.colcon_core.environment:checking '/home/iic/conversion/install/py_pubsub' for CMake module files
[1.417s] Level 1:colcon.colcon_core.environment:checking '/home/iic/conversion/install/py_pubsub' for CMake config files
[1.419s] Level 1:colcon.colcon_core.environment:checking '/home/iic/conversion/install/py_pubsub/lib'
[1.419s] Level 1:colcon.colcon_core.environment:checking '/home/iic/conversion/install/py_pubsub/bin'
[1.419s] Level 1:colcon.colcon_core.environment:checking '/home/iic/conversion/install/py_pubsub/lib/pkgconfig/py_pubsub.pc'
[1.420s] Level 1:colcon.colcon_core.environment:checking '/home/iic/conversion/install/py_pubsub/lib/python3.6/site-packages'
[1.421s] DEBUG:colcon.colcon_core.event_handler.log_command:Invoked command in '/home/iic/conversion/py_pubsub' returned '0': PYTHONPATH=/home/iic/conversion/install/py_pubsub/lib/python3.6/site-packages:${PYTHONPATH} /usr/bin/python3 setup.py egg_info --egg-base ../build/py_pubsub build --build-base /home/iic/conversion/build/py_pubsub/build install --prefix /home/iic/conversion/install/py_pubsub --record /home/iic/conversion/build/py_pubsub/install.log --single-version-externally-managed
[1.423s] Level 1:colcon.colcon_core.shell:create_environment_hook('py_pubsub', 'pythonpath')
[1.424s] INFO:colcon.colcon_core.shell:Creating environment hook '/home/iic/conversion/install/py_pubsub/share/py_pubsub/hook/pythonpath.ps1'
[1.425s] INFO:colcon.colcon_core.shell:Creating environment descriptor '/home/iic/conversion/install/py_pubsub/share/py_pubsub/hook/pythonpath.dsv'
[1.425s] INFO:colcon.colcon_core.shell:Creating environment hook '/home/iic/conversion/install/py_pubsub/share/py_pubsub/hook/pythonpath.sh'
[1.426s] Level 1:colcon.colcon_core.environment:create_environment_scripts_only(py_pubsub)
[1.427s] INFO:colcon.colcon_core.shell:Creating package script '/home/iic/conversion/install/py_pubsub/share/py_pubsub/package.ps1'
[1.429s] INFO:colcon.colcon_core.shell:Creating package descriptor '/home/iic/conversion/install/py_pubsub/share/py_pubsub/package.dsv'
[1.430s] INFO:colcon.colcon_core.shell:Creating package script '/home/iic/conversion/install/py_pubsub/share/py_pubsub/package.sh'
[1.431s] INFO:colcon.colcon_core.shell:Creating package script '/home/iic/conversion/install/py_pubsub/share/py_pubsub/package.bash'
[1.433s] INFO:colcon.colcon_core.shell:Creating package script '/home/iic/conversion/install/py_pubsub/share/py_pubsub/package.zsh'
[1.434s] Level 1:colcon.colcon_core.environment:create_file_with_runtime_dependencies(/home/iic/conversion/install/py_pubsub/share/colcon-core/packages/py_pubsub)
[1.460s] DEBUG:colcon.colcon_core.event_handler.log_command:Invoking command in '/home/iic/conversion/build/usb_camera_driver': CMAKE_PREFIX_PATH=${CMAKE_PREFIX_PATH}:/home/iic/conversion/install/py_pubsub:/home/iic/conversion/install/conversion:/home/iic/turtlebot3_ws/install/turtlebot3_teleop:/home/iic/turtlebot3_ws/install/turtlebot3_example:/opt/ros/dashing /usr/bin/cmake --build /home/iic/conversion/build/usb_camera_driver --target install -- -j4 -l4
[1.792s] Level 1:colcon.colcon_core.environment:create_environment_scripts_only(usb_camera_driver)
[1.793s] Level 1:colcon.colcon_core.environment:checking '/home/iic/conversion/install/usb_camera_driver' for CMake module files
[1.794s] Level 1:colcon.colcon_core.environment:checking '/home/iic/conversion/install/usb_camera_driver' for CMake config files
[1.795s] Level 1:colcon.colcon_core.shell:create_environment_hook('usb_camera_driver', 'cmake_prefix_path')
[1.796s] INFO:colcon.colcon_core.shell:Creating environment hook '/home/iic/conversion/install/usb_camera_driver/share/usb_camera_driver/hook/cmake_prefix_path.ps1'
[1.798s] INFO:colcon.colcon_core.shell:Creating environment descriptor '/home/iic/conversion/install/usb_camera_driver/share/usb_camera_driver/hook/cmake_prefix_path.dsv'
[1.799s] INFO:colcon.colcon_core.shell:Creating environment hook '/home/iic/conversion/install/usb_camera_driver/share/usb_camera_driver/hook/cmake_prefix_path.sh'
[1.801s] Level 1:colcon.colcon_core.environment:checking '/home/iic/conversion/install/usb_camera_driver/lib'
[1.801s] Level 1:colcon.colcon_core.shell:create_environment_hook('usb_camera_driver', 'ld_library_path_lib')
[1.802s] INFO:colcon.colcon_core.shell:Creating environment hook '/home/iic/conversion/install/usb_camera_driver/share/usb_camera_driver/hook/ld_library_path_lib.ps1'
[1.803s] INFO:colcon.colcon_core.shell:Creating environment descriptor '/home/iic/conversion/install/usb_camera_driver/share/usb_camera_driver/hook/ld_library_path_lib.dsv'
[1.803s] INFO:colcon.colcon_core.shell:Creating environment hook '/home/iic/conversion/install/usb_camera_driver/share/usb_camera_driver/hook/ld_library_path_lib.sh'
[1.804s] Level 1:colcon.colcon_core.environment:checking '/home/iic/conversion/install/usb_camera_driver/bin'
[1.804s] Level 1:colcon.colcon_core.environment:checking '/home/iic/conversion/install/usb_camera_driver/lib/pkgconfig/usb_camera_driver.pc'
[1.804s] Level 1:colcon.colcon_core.environment:checking '/home/iic/conversion/install/usb_camera_driver/lib/python3.6/site-packages'
[1.805s] INFO:colcon.colcon_core.shell:Creating package script '/home/iic/conversion/install/usb_camera_driver/share/usb_camera_driver/package.ps1'
[1.806s] INFO:colcon.colcon_core.shell:Creating package descriptor '/home/iic/conversion/install/usb_camera_driver/share/usb_camera_driver/package.dsv'
[1.807s] INFO:colcon.colcon_core.shell:Creating package script '/home/iic/conversion/install/usb_camera_driver/share/usb_camera_driver/package.sh'
[1.807s] INFO:colcon.colcon_core.shell:Creating package script '/home/iic/conversion/install/usb_camera_driver/share/usb_camera_driver/package.bash'
[1.808s] INFO:colcon.colcon_core.shell:Creating package script '/home/iic/conversion/install/usb_camera_driver/share/usb_camera_driver/package.zsh'
[1.809s] Level 1:colcon.colcon_core.environment:create_file_with_runtime_dependencies(/home/iic/conversion/install/usb_camera_driver/share/colcon-core/packages/usb_camera_driver)
[1.810s] DEBUG:colcon.colcon_core.event_handler.log_command:Invoked command in '/home/iic/conversion/build/usb_camera_driver' returned '0': CMAKE_PREFIX_PATH=${CMAKE_PREFIX_PATH}:/home/iic/conversion/install/py_pubsub:/home/iic/conversion/install/conversion:/home/iic/turtlebot3_ws/install/turtlebot3_teleop:/home/iic/turtlebot3_ws/install/turtlebot3_example:/opt/ros/dashing /usr/bin/cmake --build /home/iic/conversion/build/usb_camera_driver --target install -- -j4 -l4
[1.862s] Level 1:colcon.colcon_core.environment:create_environment_scripts_only(usb_camera_driver)
[1.865s] Level 1:colcon.colcon_core.environment:checking '/home/iic/conversion/install/usb_camera_driver' for CMake module files
[1.866s] Level 1:colcon.colcon_core.environment:checking '/home/iic/conversion/install/usb_camera_driver' for CMake config files
[1.866s] Level 1:colcon.colcon_core.shell:create_environment_hook('usb_camera_driver', 'cmake_prefix_path')
[1.867s] INFO:colcon.colcon_core.shell:Creating environment hook '/home/iic/conversion/install/usb_camera_driver/share/usb_camera_driver/hook/cmake_prefix_path.ps1'
[1.868s] INFO:colcon.colcon_core.shell:Creating environment descriptor '/home/iic/conversion/install/usb_camera_driver/share/usb_camera_driver/hook/cmake_prefix_path.dsv'
[1.869s] INFO:colcon.colcon_core.shell:Creating environment hook '/home/iic/conversion/install/usb_camera_driver/share/usb_camera_driver/hook/cmake_prefix_path.sh'
[1.870s] Level 1:colcon.colcon_core.environment:checking '/home/iic/conversion/install/usb_camera_driver/lib'
[1.870s] Level 1:colcon.colcon_core.shell:create_environment_hook('usb_camera_driver', 'ld_library_path_lib')
[1.871s] INFO:colcon.colcon_core.shell:Creating environment hook '/home/iic/conversion/install/usb_camera_driver/share/usb_camera_driver/hook/ld_library_path_lib.ps1'
[1.872s] INFO:colcon.colcon_core.shell:Creating environment descriptor '/home/iic/conversion/install/usb_camera_driver/share/usb_camera_driver/hook/ld_library_path_lib.dsv'
[1.873s] INFO:colcon.colcon_core.shell:Creating environment hook '/home/iic/conversion/install/usb_camera_driver/share/usb_camera_driver/hook/ld_library_path_lib.sh'
[1.873s] Level 1:colcon.colcon_core.environment:checking '/home/iic/conversion/install/usb_camera_driver/bin'
[1.873s] Level 1:colcon.colcon_core.environment:checking '/home/iic/conversion/install/usb_camera_driver/lib/pkgconfig/usb_camera_driver.pc'
[1.874s] Level 1:colcon.colcon_core.environment:checking '/home/iic/conversion/install/usb_camera_driver/lib/python3.6/site-packages'
[1.875s] INFO:colcon.colcon_core.shell:Creating package script '/home/iic/conversion/install/usb_camera_driver/share/usb_camera_driver/package.ps1'
[1.876s] INFO:colcon.colcon_core.shell:Creating package descriptor '/home/iic/conversion/install/usb_camera_driver/share/usb_camera_driver/package.dsv'
[1.877s] INFO:colcon.colcon_core.shell:Creating package script '/home/iic/conversion/install/usb_camera_driver/share/usb_camera_driver/package.sh'
[1.878s] INFO:colcon.colcon_core.shell:Creating package script '/home/iic/conversion/install/usb_camera_driver/share/usb_camera_driver/package.bash'
[1.878s] INFO:colcon.colcon_core.shell:Creating package script '/home/iic/conversion/install/usb_camera_driver/share/usb_camera_driver/package.zsh'
[1.879s] Level 1:colcon.colcon_core.environment:create_file_with_runtime_dependencies(/home/iic/conversion/install/usb_camera_driver/share/colcon-core/packages/usb_camera_driver)
[1.880s] DEBUG:colcon.colcon_parallel_executor.executor.parallel:closing loop
[1.882s] DEBUG:colcon.colcon_parallel_executor.executor.parallel:loop closed
[1.882s] DEBUG:colcon.colcon_parallel_executor.executor.parallel:run_until_complete finished with '0'
[1.883s] DEBUG:colcon.colcon_core.event_reactor:joining thread
[1.892s] INFO:colcon.colcon_core.plugin_system:Skipping extension 'colcon_notification.desktop_notification.terminal_notifier': Not used on non-Darwin systems
[1.892s] INFO:colcon.colcon_core.plugin_system:Skipping extension 'colcon_notification.desktop_notification.win32': Not used on non-Windows systems
[1.892s] INFO:colcon.colcon_notification.desktop_notification:Sending desktop notification using 'notify2'
[1.897s] DEBUG:colcon.colcon_core.event_reactor:joined thread
[1.898s] INFO:colcon.colcon_core.shell:Creating prefix script '/home/iic/conversion/install/local_setup.ps1'
[1.900s] INFO:colcon.colcon_core.shell:Creating prefix util module '/home/iic/conversion/install/_local_setup_util_ps1.py'
[1.902s] INFO:colcon.colcon_core.shell:Creating prefix chain script '/home/iic/conversion/install/setup.ps1'
[1.908s] INFO:colcon.colcon_core.shell:Creating prefix script '/home/iic/conversion/install/local_setup.sh'
[1.909s] INFO:colcon.colcon_core.shell:Creating prefix util module '/home/iic/conversion/install/_local_setup_util_sh.py'
[1.910s] INFO:colcon.colcon_core.shell:Creating prefix chain script '/home/iic/conversion/install/setup.sh'
[1.916s] INFO:colcon.colcon_core.shell:Creating prefix script '/home/iic/conversion/install/local_setup.bash'
[1.917s] INFO:colcon.colcon_core.shell:Creating prefix chain script '/home/iic/conversion/install/setup.bash'
[1.924s] INFO:colcon.colcon_core.shell:Creating prefix script '/home/iic/conversion/install/local_setup.zsh'
[1.925s] INFO:colcon.colcon_core.shell:Creating prefix chain script '/home/iic/conversion/install/setup.zsh'
