[0.537s] Invoking command in '/home/iic/conversion/py_pubsub': PYTHONPATH=/home/iic/conversion/install/py_pubsub/lib/python3.6/site-packages:${PYTHONPATH} /usr/bin/python3 setup.py egg_info --egg-base ../build/py_pubsub build --build-base /home/iic/conversion/build/py_pubsub/build install --prefix /home/iic/conversion/install/py_pubsub --record /home/iic/conversion/build/py_pubsub/install.log --single-version-externally-managed
[0.896s] running egg_info
[0.898s] writing ../build/py_pubsub/py_pubsub.egg-info/PKG-INFO
[0.898s] writing dependency_links to ../build/py_pubsub/py_pubsub.egg-info/dependency_links.txt
[0.899s] writing entry points to ../build/py_pubsub/py_pubsub.egg-info/entry_points.txt
[0.899s] writing requirements to ../build/py_pubsub/py_pubsub.egg-info/requires.txt
[0.899s] writing top-level names to ../build/py_pubsub/py_pubsub.egg-info/top_level.txt
[0.948s] reading manifest file '../build/py_pubsub/py_pubsub.egg-info/SOURCES.txt'
[0.950s] writing manifest file '../build/py_pubsub/py_pubsub.egg-info/SOURCES.txt'
[0.950s] running build
[0.950s] running build_py
[0.950s] copying py_pubsub/convertion.py -> /home/iic/conversion/build/py_pubsub/build/lib/py_pubsub
[0.950s] running install
[0.951s] running install_lib
[0.952s] copying /home/iic/conversion/build/py_pubsub/build/lib/py_pubsub/convertion.py -> /home/iic/conversion/install/py_pubsub/lib/python3.6/site-packages/py_pubsub
[0.953s] byte-compiling /home/iic/conversion/install/py_pubsub/lib/python3.6/site-packages/py_pubsub/convertion.py to convertion.cpython-36.pyc
[0.954s] running install_data
[0.955s] running install_egg_info
[0.957s] removing '/home/iic/conversion/install/py_pubsub/lib/python3.6/site-packages/py_pubsub-0.0.0-py3.6.egg-info' (and everything under it)
[0.958s] Copying ../build/py_pubsub/py_pubsub.egg-info to /home/iic/conversion/install/py_pubsub/lib/python3.6/site-packages/py_pubsub-0.0.0-py3.6.egg-info
[0.959s] running install_scripts
[0.988s] Installing convert script to /home/iic/conversion/install/py_pubsub/lib/py_pubsub
[0.991s] writing list of installed files to '/home/iic/conversion/build/py_pubsub/install.log'
[1.023s] Invoked command in '/home/iic/conversion/py_pubsub' returned '0': PYTHONPATH=/home/iic/conversion/install/py_pubsub/lib/python3.6/site-packages:${PYTHONPATH} /usr/bin/python3 setup.py egg_info --egg-base ../build/py_pubsub build --build-base /home/iic/conversion/build/py_pubsub/build install --prefix /home/iic/conversion/install/py_pubsub --record /home/iic/conversion/build/py_pubsub/install.log --single-version-externally-managed
