[0.485s] Invoking command in '/home/iic/conversion/py_pubsub': PYTHONPATH=/home/iic/conversion/install/py_pubsub/lib/python3.6/site-packages:${PYTHONPATH} /usr/bin/python3 setup.py egg_info --egg-base ../build/py_pubsub build --build-base /home/iic/conversion/build/py_pubsub/build install --prefix /home/iic/conversion/install/py_pubsub --record /home/iic/conversion/build/py_pubsub/install.log --single-version-externally-managed
[0.961s] running egg_info
[0.962s] writing ../build/py_pubsub/py_pubsub.egg-info/PKG-INFO
[0.962s] writing dependency_links to ../build/py_pubsub/py_pubsub.egg-info/dependency_links.txt
[0.962s] writing entry points to ../build/py_pubsub/py_pubsub.egg-info/entry_points.txt
[0.962s] writing requirements to ../build/py_pubsub/py_pubsub.egg-info/requires.txt
[0.963s] writing top-level names to ../build/py_pubsub/py_pubsub.egg-info/top_level.txt
[1.026s] reading manifest file '../build/py_pubsub/py_pubsub.egg-info/SOURCES.txt'
[1.027s] writing manifest file '../build/py_pubsub/py_pubsub.egg-info/SOURCES.txt'
[1.028s] running build
[1.028s] running build_py
[1.029s] copying py_pubsub/subscriber_member_function.py -> /home/iic/conversion/build/py_pubsub/build/lib/py_pubsub
[1.030s] running install
[1.031s] running install_lib
[1.032s] copying /home/iic/conversion/build/py_pubsub/build/lib/py_pubsub/subscriber_member_function.py -> /home/iic/conversion/install/py_pubsub/lib/python3.6/site-packages/py_pubsub
[1.033s] byte-compiling /home/iic/conversion/install/py_pubsub/lib/python3.6/site-packages/py_pubsub/subscriber_member_function.py to subscriber_member_function.cpython-36.pyc
[1.035s] running install_data
[1.035s] running install_egg_info
[1.039s] removing '/home/iic/conversion/install/py_pubsub/lib/python3.6/site-packages/py_pubsub-0.0.0-py3.6.egg-info' (and everything under it)
[1.039s] Copying ../build/py_pubsub/py_pubsub.egg-info to /home/iic/conversion/install/py_pubsub/lib/python3.6/site-packages/py_pubsub-0.0.0-py3.6.egg-info
[1.040s] running install_scripts
[1.070s] Installing listener script to /home/iic/conversion/install/py_pubsub/lib/py_pubsub
[1.070s] Installing talker script to /home/iic/conversion/install/py_pubsub/lib/py_pubsub
[1.074s] writing list of installed files to '/home/iic/conversion/build/py_pubsub/install.log'
[1.106s] Invoked command in '/home/iic/conversion/py_pubsub' returned '0': PYTHONPATH=/home/iic/conversion/install/py_pubsub/lib/python3.6/site-packages:${PYTHONPATH} /usr/bin/python3 setup.py egg_info --egg-base ../build/py_pubsub build --build-base /home/iic/conversion/build/py_pubsub/build install --prefix /home/iic/conversion/install/py_pubsub --record /home/iic/conversion/build/py_pubsub/install.log --single-version-externally-managed
