[0.627s] Invoking command in '/home/iic/conversion/image_converter': PYTHONPATH=/home/iic/conversion/install/image_converter/lib/python3.6/site-packages:${PYTHONPATH} /usr/bin/python3 setup.py egg_info --egg-base ../build/image_converter build --build-base /home/iic/conversion/build/image_converter/build install --prefix /home/iic/conversion/install/image_converter --record /home/iic/conversion/build/image_converter/install.log --single-version-externally-managed
[1.126s] running egg_info
[1.127s] writing ../build/image_converter/image_converter.egg-info/PKG-INFO
[1.128s] writing dependency_links to ../build/image_converter/image_converter.egg-info/dependency_links.txt
[1.128s] writing entry points to ../build/image_converter/image_converter.egg-info/entry_points.txt
[1.129s] writing requirements to ../build/image_converter/image_converter.egg-info/requires.txt
[1.129s] writing top-level names to ../build/image_converter/image_converter.egg-info/top_level.txt
[1.183s] reading manifest file '../build/image_converter/image_converter.egg-info/SOURCES.txt'
[1.185s] writing manifest file '../build/image_converter/image_converter.egg-info/SOURCES.txt'
[1.190s] running build
[1.191s] running build_py
[1.192s] running install
[1.194s] running install_lib
[1.196s] running install_data
[1.197s] running install_egg_info
[1.202s] removing '/home/iic/conversion/install/image_converter/lib/python3.6/site-packages/image_converter-0.0.0-py3.6.egg-info' (and everything under it)
[1.205s] Copying ../build/image_converter/image_converter.egg-info to /home/iic/conversion/install/image_converter/lib/python3.6/site-packages/image_converter-0.0.0-py3.6.egg-info
[1.207s] running install_scripts
[1.246s] Installing converter script to /home/iic/conversion/install/image_converter/lib/image_converter
[1.247s] writing list of installed files to '/home/iic/conversion/build/image_converter/install.log'
[1.306s] Invoked command in '/home/iic/conversion/image_converter' returned '0': PYTHONPATH=/home/iic/conversion/install/image_converter/lib/python3.6/site-packages:${PYTHONPATH} /usr/bin/python3 setup.py egg_info --egg-base ../build/image_converter build --build-base /home/iic/conversion/build/image_converter/build install --prefix /home/iic/conversion/install/image_converter --record /home/iic/conversion/build/image_converter/install.log --single-version-externally-managed
