[0.077s] Invoking command in '/home/iic/conversion/build/image_proc': /usr/bin/cmake /home/iic/conversion/image_pipeline/image_proc -DCATKIN_INSTALL_INTO_PREFIX_ROOT=0 -DCMAKE_INSTALL_PREFIX=/home/iic/conversion/install/image_proc
[0.120s] -- Configuring incomplete, errors occurred!
[0.121s] See also "/home/iic/conversion/build/image_proc/CMakeFiles/CMakeOutput.log".
[0.121s] CMake Error at CMakeLists.txt:4 (find_package):
[0.122s]   By not providing "Findcatkin.cmake" in CMAKE_MODULE_PATH this project has
[0.122s]   asked CMake to find a package configuration file provided by "catkin", but
[0.122s]   CMake did not find one.
[0.123s] 
[0.123s]   Could not find a package configuration file provided by "catkin" with any
[0.123s]   of the following names:
[0.123s] 
[0.123s]     catkinConfig.cmake
[0.123s]     catkin-config.cmake
[0.123s] 
[0.123s]   Add the installation prefix of "catkin" to CMAKE_PREFIX_PATH or set
[0.124s]   "catkin_DIR" to a directory containing one of the above files.  If "catkin"
[0.124s]   provides a separate development package or SDK, be sure it has been
[0.124s]   installed.
[0.124s] 
[0.124s] 
[0.171s] Invoked command in '/home/iic/conversion/build/image_proc' returned '1': /usr/bin/cmake /home/iic/conversion/image_pipeline/image_proc -DCATKIN_INSTALL_INTO_PREFIX_ROOT=0 -DCMAKE_INSTALL_PREFIX=/home/iic/conversion/install/image_proc
