[0.554s] Invoking command in '/home/iic/conversion/py_pubsub': PYTHONPATH=/home/iic/conversion/install/py_pubsub/lib/python3.6/site-packages:${PYTHONPATH} /usr/bin/python3 setup.py egg_info --egg-base ../build/py_pubsub build --build-base /home/iic/conversion/build/py_pubsub/build install --prefix /home/iic/conversion/install/py_pubsub --record /home/iic/conversion/build/py_pubsub/install.log --single-version-externally-managed
[0.965s] running egg_info
[0.967s] writing ../build/py_pubsub/py_pubsub.egg-info/PKG-INFO
[0.967s] writing dependency_links to ../build/py_pubsub/py_pubsub.egg-info/dependency_links.txt
[0.967s] writing entry points to ../build/py_pubsub/py_pubsub.egg-info/entry_points.txt
[0.968s] writing requirements to ../build/py_pubsub/py_pubsub.egg-info/requires.txt
[0.968s] writing top-level names to ../build/py_pubsub/py_pubsub.egg-info/top_level.txt
[1.001s] reading manifest file '../build/py_pubsub/py_pubsub.egg-info/SOURCES.txt'
[1.002s] writing manifest file '../build/py_pubsub/py_pubsub.egg-info/SOURCES.txt'
[1.003s] running build
[1.003s] running build_py
[1.003s] running install
[1.005s] running install_lib
[1.006s] running install_data
[1.007s] running install_egg_info
[1.009s] removing '/home/iic/conversion/install/py_pubsub/lib/python3.6/site-packages/py_pubsub-0.0.0-py3.6.egg-info' (and everything under it)
[1.009s] Copying ../build/py_pubsub/py_pubsub.egg-info to /home/iic/conversion/install/py_pubsub/lib/python3.6/site-packages/py_pubsub-0.0.0-py3.6.egg-info
[1.010s] running install_scripts
[1.040s] Installing convert script to /home/iic/conversion/install/py_pubsub/lib/py_pubsub
[1.040s] writing list of installed files to '/home/iic/conversion/build/py_pubsub/install.log'
[1.087s] Invoked command in '/home/iic/conversion/py_pubsub' returned '0': PYTHONPATH=/home/iic/conversion/install/py_pubsub/lib/python3.6/site-packages:${PYTHONPATH} /usr/bin/python3 setup.py egg_info --egg-base ../build/py_pubsub build --build-base /home/iic/conversion/build/py_pubsub/build install --prefix /home/iic/conversion/install/py_pubsub --record /home/iic/conversion/build/py_pubsub/install.log --single-version-externally-managed
