[0.550s] Invoking command in '/home/iic/conversion/image_converter': PYTHONPATH=/home/iic/conversion/install/image_converter/lib/python3.6/site-packages:${PYTHONPATH} /usr/bin/python3 setup.py egg_info --egg-base ../build/image_converter build --build-base /home/iic/conversion/build/image_converter/build install --prefix /home/iic/conversion/install/image_converter --record /home/iic/conversion/build/image_converter/install.log --single-version-externally-managed
[0.885s] running egg_info
[0.886s] writing ../build/image_converter/image_converter.egg-info/PKG-INFO
[0.886s] writing dependency_links to ../build/image_converter/image_converter.egg-info/dependency_links.txt
[0.886s] writing entry points to ../build/image_converter/image_converter.egg-info/entry_points.txt
[0.887s] writing requirements to ../build/image_converter/image_converter.egg-info/requires.txt
[0.887s] writing top-level names to ../build/image_converter/image_converter.egg-info/top_level.txt
[0.937s] reading manifest file '../build/image_converter/image_converter.egg-info/SOURCES.txt'
[0.939s] writing manifest file '../build/image_converter/image_converter.egg-info/SOURCES.txt'
[0.939s] running build
[0.940s] running build_py
[0.940s] running install
[0.941s] running install_lib
[0.942s] running install_data
[0.943s] running install_egg_info
[0.946s] removing '/home/iic/conversion/install/image_converter/lib/python3.6/site-packages/image_converter-0.0.0-py3.6.egg-info' (and everything under it)
[0.946s] Copying ../build/image_converter/image_converter.egg-info to /home/iic/conversion/install/image_converter/lib/python3.6/site-packages/image_converter-0.0.0-py3.6.egg-info
[0.948s] running install_scripts
[0.977s] Installing converter script to /home/iic/conversion/install/image_converter/lib/image_converter
[0.978s] writing list of installed files to '/home/iic/conversion/build/image_converter/install.log'
[1.015s] Invoked command in '/home/iic/conversion/image_converter' returned '0': PYTHONPATH=/home/iic/conversion/install/image_converter/lib/python3.6/site-packages:${PYTHONPATH} /usr/bin/python3 setup.py egg_info --egg-base ../build/image_converter build --build-base /home/iic/conversion/build/image_converter/build install --prefix /home/iic/conversion/install/image_converter --record /home/iic/conversion/build/image_converter/install.log --single-version-externally-managed
