[0.050s] Invoking command in '/home/iic/conversion/build/camera_calibration': /usr/bin/cmake /home/iic/conversion/image_pipeline/camera_calibration -DCATKIN_INSTALL_INTO_PREFIX_ROOT=0 -DCMAKE_INSTALL_PREFIX=/home/iic/conversion/install/camera_calibration
[0.280s] -- The C compiler identification is GNU 7.5.0
[0.517s] -- The CXX compiler identification is GNU 7.5.0
[0.541s] -- Check for working C compiler: /usr/bin/cc
[0.905s] -- Check for working C compiler: /usr/bin/cc -- works
[0.905s] -- Detecting C compiler ABI info
[1.131s] -- Detecting C compiler ABI info - done
[1.149s] -- Detecting C compile features
[1.802s] -- Detecting C compile features - done
[1.808s] -- Check for working CXX compiler: /usr/bin/c++
[2.031s] -- Check for working CXX compiler: /usr/bin/c++ -- works
[2.033s] -- Detecting CXX compiler ABI info
[2.373s] -- Detecting CXX compiler ABI info - done
[2.392s] -- Detecting CXX compile features
[3.639s] -- Detecting CXX compile features - done
[3.652s] CMake Error at CMakeLists.txt:4 (find_package):
[3.652s]   By not providing "Findcatkin.cmake" in CMAKE_MODULE_PATH this project has
[3.652s]   asked CMake to find a package configuration file provided by "catkin", but
[3.653s]   CMake did not find one.
[3.653s] 
[3.653s]   Could not find a package configuration file provided by "catkin" with any
[3.653s]   of the following names:
[3.653s] 
[3.653s]     catkinConfig.cmake
[3.653s]     catkin-config.cmake
[3.653s] 
[3.654s]   Add the installation prefix of "catkin" to CMAKE_PREFIX_PATH or set
[3.654s]   "catkin_DIR" to a directory containing one of the above files.  If "catkin"
[3.654s]   provides a separate development package or SDK, be sure it has been
[3.654s]   installed.
[3.654s] 
[3.654s] 
[3.655s] -- Configuring incomplete, errors occurred!
[3.655s] See also "/home/iic/conversion/build/camera_calibration/CMakeFiles/CMakeOutput.log".
