[0.537s] Invoking command in '/home/iic/conversion/py_pubsub': PYTHONPATH=/home/iic/conversion/install/py_pubsub/lib/python3.6/site-packages:${PYTHONPATH} /usr/bin/python3 setup.py egg_info --egg-base ../build/py_pubsub build --build-base /home/iic/conversion/build/py_pubsub/build install --prefix /home/iic/conversion/install/py_pubsub --record /home/iic/conversion/build/py_pubsub/install.log --single-version-externally-managed
[0.912s] running egg_info
[0.914s] writing ../build/py_pubsub/py_pubsub.egg-info/PKG-INFO
[0.914s] writing dependency_links to ../build/py_pubsub/py_pubsub.egg-info/dependency_links.txt
[0.914s] writing entry points to ../build/py_pubsub/py_pubsub.egg-info/entry_points.txt
[0.915s] writing requirements to ../build/py_pubsub/py_pubsub.egg-info/requires.txt
[0.915s] writing top-level names to ../build/py_pubsub/py_pubsub.egg-info/top_level.txt
[0.951s] reading manifest file '../build/py_pubsub/py_pubsub.egg-info/SOURCES.txt'
[0.952s] writing manifest file '../build/py_pubsub/py_pubsub.egg-info/SOURCES.txt'
[0.953s] running build
[0.953s] running build_py
[0.953s] copying py_pubsub/convertion.py -> /home/iic/conversion/build/py_pubsub/build/lib/py_pubsub
[0.953s] running install
[0.954s] running install_lib
[0.955s] copying /home/iic/conversion/build/py_pubsub/build/lib/py_pubsub/convertion.py -> /home/iic/conversion/install/py_pubsub/lib/python3.6/site-packages/py_pubsub
[0.956s] byte-compiling /home/iic/conversion/install/py_pubsub/lib/python3.6/site-packages/py_pubsub/convertion.py to convertion.cpython-36.pyc
[0.956s] Sorry: IndentationError: unexpected indent (convertion.py, line 23)
[0.956s] running install_data
[0.956s] running install_egg_info
[0.959s] removing '/home/iic/conversion/install/py_pubsub/lib/python3.6/site-packages/py_pubsub-0.0.0-py3.6.egg-info' (and everything under it)
[0.959s] Copying ../build/py_pubsub/py_pubsub.egg-info to /home/iic/conversion/install/py_pubsub/lib/python3.6/site-packages/py_pubsub-0.0.0-py3.6.egg-info
[0.960s] running install_scripts
[0.982s] Installing convert script to /home/iic/conversion/install/py_pubsub/lib/py_pubsub
[0.983s] writing list of installed files to '/home/iic/conversion/build/py_pubsub/install.log'
[1.021s] Invoked command in '/home/iic/conversion/py_pubsub' returned '0': PYTHONPATH=/home/iic/conversion/install/py_pubsub/lib/python3.6/site-packages:${PYTHONPATH} /usr/bin/python3 setup.py egg_info --egg-base ../build/py_pubsub build --build-base /home/iic/conversion/build/py_pubsub/build install --prefix /home/iic/conversion/install/py_pubsub --record /home/iic/conversion/build/py_pubsub/install.log --single-version-externally-managed
