[0.416s] Invoking command in '/home/iic/conversion/py_pubsub': PYTHONPATH=/home/iic/conversion/install/py_pubsub/lib/python3.6/site-packages:${PYTHONPATH} /usr/bin/python3 setup.py egg_info --egg-base ../build/py_pubsub build --build-base /home/iic/conversion/build/py_pubsub/build install --prefix /home/iic/conversion/install/py_pubsub --record /home/iic/conversion/build/py_pubsub/install.log --single-version-externally-managed
[0.902s] running egg_info
[0.903s] writing ../build/py_pubsub/py_pubsub.egg-info/PKG-INFO
[0.903s] writing dependency_links to ../build/py_pubsub/py_pubsub.egg-info/dependency_links.txt
[0.903s] writing entry points to ../build/py_pubsub/py_pubsub.egg-info/entry_points.txt
[0.904s] writing requirements to ../build/py_pubsub/py_pubsub.egg-info/requires.txt
[0.904s] writing top-level names to ../build/py_pubsub/py_pubsub.egg-info/top_level.txt
[0.954s] reading manifest file '../build/py_pubsub/py_pubsub.egg-info/SOURCES.txt'
[0.956s] writing manifest file '../build/py_pubsub/py_pubsub.egg-info/SOURCES.txt'
[0.956s] running build
[0.957s] running build_py
[0.957s] copying py_pubsub/publisher_member_function.py -> /home/iic/conversion/build/py_pubsub/build/lib/py_pubsub
[0.957s] copying py_pubsub/test.py -> /home/iic/conversion/build/py_pubsub/build/lib/py_pubsub
[0.957s] running install
[0.958s] running install_lib
[0.960s] copying /home/iic/conversion/build/py_pubsub/build/lib/py_pubsub/publisher_member_function.py -> /home/iic/conversion/install/py_pubsub/lib/python3.6/site-packages/py_pubsub
[0.960s] copying /home/iic/conversion/build/py_pubsub/build/lib/py_pubsub/test.py -> /home/iic/conversion/install/py_pubsub/lib/python3.6/site-packages/py_pubsub
[0.961s] byte-compiling /home/iic/conversion/install/py_pubsub/lib/python3.6/site-packages/py_pubsub/publisher_member_function.py to publisher_member_function.cpython-36.pyc
[0.963s] byte-compiling /home/iic/conversion/install/py_pubsub/lib/python3.6/site-packages/py_pubsub/test.py to test.cpython-36.pyc
[0.963s] running install_data
[0.964s] running install_egg_info
[0.968s] removing '/home/iic/conversion/install/py_pubsub/lib/python3.6/site-packages/py_pubsub-0.0.0-py3.6.egg-info' (and everything under it)
[0.969s] Copying ../build/py_pubsub/py_pubsub.egg-info to /home/iic/conversion/install/py_pubsub/lib/python3.6/site-packages/py_pubsub-0.0.0-py3.6.egg-info
[0.971s] running install_scripts
[1.000s] Installing listener script to /home/iic/conversion/install/py_pubsub/lib/py_pubsub
[1.001s] Installing talker script to /home/iic/conversion/install/py_pubsub/lib/py_pubsub
[1.002s] writing list of installed files to '/home/iic/conversion/build/py_pubsub/install.log'
[1.068s] Invoked command in '/home/iic/conversion/py_pubsub' returned '0': PYTHONPATH=/home/iic/conversion/install/py_pubsub/lib/python3.6/site-packages:${PYTHONPATH} /usr/bin/python3 setup.py egg_info --egg-base ../build/py_pubsub build --build-base /home/iic/conversion/build/py_pubsub/build install --prefix /home/iic/conversion/install/py_pubsub --record /home/iic/conversion/build/py_pubsub/install.log --single-version-externally-managed
