[35m[1mScanning dependencies of target usb_camera_driver[0m
[ 20%] Built target gtest_main
[ 30%] [32mBuilding CXX object CMakeFiles/usb_camera_driver.dir/src/usb_camera_driver.cpp.o[0m
[ 50%] Built target gtest
[ 60%] [32m[1mLinking CXX shared library libusb_camera_driver.so[0m
[ 60%] Built target usb_camera_driver
[ 70%] [32m[1mLinking CXX executable usb_camera_driver_tests[0m
[ 80%] [32m[1mLinking CXX executable usb_camera_driver_node[0m
[ 90%] Built target usb_camera_driver_node
[100%] Built target usb_camera_driver_tests
[ 20%] Built target gtest_main
[ 40%] Built target usb_camera_driver
[ 60%] Built target gtest
[ 80%] Built target usb_camera_driver_tests
[100%] Built target usb_camera_driver_node
[36mInstall the project...[0m
-- Install configuration: ""
-- Installing: /home/iic/conversion/install/usb_camera_driver/lib/libusb_camera_driver.so
-- Set runtime path of "/home/iic/conversion/install/usb_camera_driver/lib/libusb_camera_driver.so" to ""
-- Installing: /home/iic/conversion/install/usb_camera_driver/lib/usb_camera_driver/usb_camera_driver_node
-- Set runtime path of "/home/iic/conversion/install/usb_camera_driver/lib/usb_camera_driver/usb_camera_driver_node" to ""
-- Up-to-date: /home/iic/conversion/install/usb_camera_driver/share/usb_camera_driver/launch
-- Up-to-date: /home/iic/conversion/install/usb_camera_driver/share/usb_camera_driver/launch/usb_camera_node.launch.py
-- Up-to-date: /home/iic/conversion/install/usb_camera_driver/share/usb_camera_driver/launch/usb_camera_component.launch.py
-- Up-to-date: /home/iic/conversion/install/usb_camera_driver/share/ament_index/resource_index/package_run_dependencies/usb_camera_driver
-- Up-to-date: /home/iic/conversion/install/usb_camera_driver/share/ament_index/resource_index/parent_prefix_path/usb_camera_driver
-- Up-to-date: /home/iic/conversion/install/usb_camera_driver/share/usb_camera_driver/environment/ament_prefix_path.sh
-- Up-to-date: /home/iic/conversion/install/usb_camera_driver/share/usb_camera_driver/environment/path.sh
-- Up-to-date: /home/iic/conversion/install/usb_camera_driver/share/usb_camera_driver/local_setup.bash
-- Up-to-date: /home/iic/conversion/install/usb_camera_driver/share/usb_camera_driver/local_setup.sh
-- Up-to-date: /home/iic/conversion/install/usb_camera_driver/share/usb_camera_driver/local_setup.zsh
-- Up-to-date: /home/iic/conversion/install/usb_camera_driver/share/ament_index/resource_index/packages/usb_camera_driver
-- Up-to-date: /home/iic/conversion/install/usb_camera_driver/share/ament_index/resource_index/rclcpp_components/usb_camera_driver
-- Up-to-date: /home/iic/conversion/install/usb_camera_driver/share/usb_camera_driver/cmake/usb_camera_driverConfig.cmake
-- Up-to-date: /home/iic/conversion/install/usb_camera_driver/share/usb_camera_driver/cmake/usb_camera_driverConfig-version.cmake
-- Up-to-date: /home/iic/conversion/install/usb_camera_driver/share/usb_camera_driver/package.xml
