[0.464s] Invoking command in '/home/iic/conversion/py_pubsub': PYTHONPATH=/home/iic/conversion/install/py_pubsub/lib/python3.6/site-packages:${PYTHONPATH} /usr/bin/python3 setup.py egg_info --egg-base ../build/py_pubsub build --build-base /home/iic/conversion/build/py_pubsub/build install --prefix /home/iic/conversion/install/py_pubsub --record /home/iic/conversion/build/py_pubsub/install.log --single-version-externally-managed
[0.913s] running egg_info
[0.914s] writing ../build/py_pubsub/py_pubsub.egg-info/PKG-INFO
[0.914s] writing dependency_links to ../build/py_pubsub/py_pubsub.egg-info/dependency_links.txt
[0.915s] writing entry points to ../build/py_pubsub/py_pubsub.egg-info/entry_points.txt
[0.915s] writing requirements to ../build/py_pubsub/py_pubsub.egg-info/requires.txt
[0.915s] writing top-level names to ../build/py_pubsub/py_pubsub.egg-info/top_level.txt
[0.971s] reading manifest file '../build/py_pubsub/py_pubsub.egg-info/SOURCES.txt'
[0.972s] writing manifest file '../build/py_pubsub/py_pubsub.egg-info/SOURCES.txt'
[0.973s] running build
[0.973s] running build_py
[0.973s] copying py_pubsub/subscriber_member_function.py -> /home/iic/conversion/build/py_pubsub/build/lib/py_pubsub
[0.974s] running install
[0.977s] running install_lib
[0.979s] copying /home/iic/conversion/build/py_pubsub/build/lib/py_pubsub/subscriber_member_function.py -> /home/iic/conversion/install/py_pubsub/lib/python3.6/site-packages/py_pubsub
[0.983s] byte-compiling /home/iic/conversion/install/py_pubsub/lib/python3.6/site-packages/py_pubsub/subscriber_member_function.py to subscriber_member_function.cpython-36.pyc
[0.988s] running install_data
[0.989s] running install_egg_info
[0.991s] removing '/home/iic/conversion/install/py_pubsub/lib/python3.6/site-packages/py_pubsub-0.0.0-py3.6.egg-info' (and everything under it)
[0.992s] Copying ../build/py_pubsub/py_pubsub.egg-info to /home/iic/conversion/install/py_pubsub/lib/python3.6/site-packages/py_pubsub-0.0.0-py3.6.egg-info
[0.993s] running install_scripts
[1.031s] Installing listener script to /home/iic/conversion/install/py_pubsub/lib/py_pubsub
[1.034s] Installing talker script to /home/iic/conversion/install/py_pubsub/lib/py_pubsub
[1.037s] writing list of installed files to '/home/iic/conversion/build/py_pubsub/install.log'
[1.073s] Invoked command in '/home/iic/conversion/py_pubsub' returned '0': PYTHONPATH=/home/iic/conversion/install/py_pubsub/lib/python3.6/site-packages:${PYTHONPATH} /usr/bin/python3 setup.py egg_info --egg-base ../build/py_pubsub build --build-base /home/iic/conversion/build/py_pubsub/build install --prefix /home/iic/conversion/install/py_pubsub --record /home/iic/conversion/build/py_pubsub/install.log --single-version-externally-managed
