[0.585s] Invoking command in '/home/iic/conversion/py_pubsub': PYTHONPATH=/home/iic/conversion/install/py_pubsub/lib/python3.6/site-packages:${PYTHONPATH} /usr/bin/python3 setup.py egg_info --egg-base ../build/py_pubsub build --build-base /home/iic/conversion/build/py_pubsub/build install --prefix /home/iic/conversion/install/py_pubsub --record /home/iic/conversion/build/py_pubsub/install.log --single-version-externally-managed
[0.955s] running egg_info
[0.956s] writing ../build/py_pubsub/py_pubsub.egg-info/PKG-INFO
[0.956s] writing dependency_links to ../build/py_pubsub/py_pubsub.egg-info/dependency_links.txt
[0.957s] writing entry points to ../build/py_pubsub/py_pubsub.egg-info/entry_points.txt
[0.957s] writing requirements to ../build/py_pubsub/py_pubsub.egg-info/requires.txt
[0.957s] writing top-level names to ../build/py_pubsub/py_pubsub.egg-info/top_level.txt
[1.012s] reading manifest file '../build/py_pubsub/py_pubsub.egg-info/SOURCES.txt'
[1.015s] writing manifest file '../build/py_pubsub/py_pubsub.egg-info/SOURCES.txt'
[1.015s] running build
[1.016s] running build_py
[1.016s] copying py_pubsub/convertion.py -> /home/iic/conversion/build/py_pubsub/build/lib/py_pubsub
[1.016s] running install
[1.018s] running install_lib
[1.019s] copying /home/iic/conversion/build/py_pubsub/build/lib/py_pubsub/convertion.py -> /home/iic/conversion/install/py_pubsub/lib/python3.6/site-packages/py_pubsub
[1.020s] byte-compiling /home/iic/conversion/install/py_pubsub/lib/python3.6/site-packages/py_pubsub/convertion.py to convertion.cpython-36.pyc
[1.022s] running install_data
[1.023s] running install_egg_info
[1.026s] removing '/home/iic/conversion/install/py_pubsub/lib/python3.6/site-packages/py_pubsub-0.0.0-py3.6.egg-info' (and everything under it)
[1.026s] Copying ../build/py_pubsub/py_pubsub.egg-info to /home/iic/conversion/install/py_pubsub/lib/python3.6/site-packages/py_pubsub-0.0.0-py3.6.egg-info
[1.027s] running install_scripts
[1.061s] Installing convert script to /home/iic/conversion/install/py_pubsub/lib/py_pubsub
[1.061s] writing list of installed files to '/home/iic/conversion/build/py_pubsub/install.log'
[1.108s] Invoked command in '/home/iic/conversion/py_pubsub' returned '0': PYTHONPATH=/home/iic/conversion/install/py_pubsub/lib/python3.6/site-packages:${PYTHONPATH} /usr/bin/python3 setup.py egg_info --egg-base ../build/py_pubsub build --build-base /home/iic/conversion/build/py_pubsub/build install --prefix /home/iic/conversion/install/py_pubsub --record /home/iic/conversion/build/py_pubsub/install.log --single-version-externally-managed
