[0.095s] Invoking command in '/home/iic/conversion/build/image_publisher': /usr/bin/cmake /home/iic/conversion/image_pipeline/image_publisher -DCATKIN_INSTALL_INTO_PREFIX_ROOT=0 -DCMAKE_INSTALL_PREFIX=/home/iic/conversion/install/image_publisher
[0.296s] -- The C compiler identification is GNU 7.5.0
[0.497s] -- The CXX compiler identification is GNU 7.5.0
[0.506s] -- Check for working C compiler: /usr/bin/cc
[0.780s] -- Check for working C compiler: /usr/bin/cc -- works
[0.781s] -- Detecting C compiler ABI info
[1.027s] -- Detecting C compiler ABI info - done
[1.053s] -- Detecting C compile features
[1.796s] -- Detecting C compile features - done
[1.802s] -- Check for working CXX compiler: /usr/bin/c++
[2.185s] -- Check for working CXX compiler: /usr/bin/c++ -- works
[2.186s] -- Detecting CXX compiler ABI info
[2.470s] -- Detecting CXX compiler ABI info - done
[2.494s] -- Detecting CXX compile features
[3.629s] -- Detecting CXX compile features - done
[3.652s] CMake Error at CMakeLists.txt:4 (find_package):
[3.652s]   By not providing "Findcatkin.cmake" in CMAKE_MODULE_PATH this project has
[3.652s]   asked CMake to find a package configuration file provided by "catkin", but
[3.652s]   CMake did not find one.
[3.652s] 
[3.652s]   Could not find a package configuration file provided by "catkin" with any
[3.652s]   of the following names:
[3.653s] 
[3.653s]     catkinConfig.cmake
[3.653s]     catkin-config.cmake
[3.653s] 
[3.653s]   Add the installation prefix of "catkin" to CMAKE_PREFIX_PATH or set
[3.653s]   "catkin_DIR" to a directory containing one of the above files.  If "catkin"
[3.653s]   provides a separate development package or SDK, be sure it has been
[3.653s]   installed.
[3.653s] 
[3.654s] 
[3.654s] -- Configuring incomplete, errors occurred!
[3.654s] See also "/home/iic/conversion/build/image_publisher/CMakeFiles/CMakeOutput.log".
