[0.333s] Invoking command in '/home/iic/conversion/py_pubsub': PYTHONPATH=/home/iic/conversion/install/py_pubsub/lib/python3.6/site-packages:${PYTHONPATH} /usr/bin/python3 setup.py egg_info --egg-base ../build/py_pubsub build --build-base /home/iic/conversion/build/py_pubsub/build install --prefix /home/iic/conversion/install/py_pubsub --record /home/iic/conversion/build/py_pubsub/install.log --single-version-externally-managed
[0.704s] running egg_info
[0.705s] writing ../build/py_pubsub/py_pubsub.egg-info/PKG-INFO
[0.705s] writing dependency_links to ../build/py_pubsub/py_pubsub.egg-info/dependency_links.txt
[0.706s] writing entry points to ../build/py_pubsub/py_pubsub.egg-info/entry_points.txt
[0.706s] writing requirements to ../build/py_pubsub/py_pubsub.egg-info/requires.txt
[0.706s] writing top-level names to ../build/py_pubsub/py_pubsub.egg-info/top_level.txt
[0.748s] reading manifest file '../build/py_pubsub/py_pubsub.egg-info/SOURCES.txt'
[0.749s] writing manifest file '../build/py_pubsub/py_pubsub.egg-info/SOURCES.txt'
[0.750s] running build
[0.750s] running build_py
[0.750s] copying py_pubsub/publisher_member_function.py -> /home/iic/conversion/build/py_pubsub/build/lib/py_pubsub
[0.750s] running install
[0.751s] running install_lib
[0.752s] copying /home/iic/conversion/build/py_pubsub/build/lib/py_pubsub/publisher_member_function.py -> /home/iic/conversion/install/py_pubsub/lib/python3.6/site-packages/py_pubsub
[0.752s] byte-compiling /home/iic/conversion/install/py_pubsub/lib/python3.6/site-packages/py_pubsub/publisher_member_function.py to publisher_member_function.cpython-36.pyc
[0.753s] running install_data
[0.754s] running install_egg_info
[0.756s] removing '/home/iic/conversion/install/py_pubsub/lib/python3.6/site-packages/py_pubsub-0.0.0-py3.6.egg-info' (and everything under it)
[0.756s] Copying ../build/py_pubsub/py_pubsub.egg-info to /home/iic/conversion/install/py_pubsub/lib/python3.6/site-packages/py_pubsub-0.0.0-py3.6.egg-info
[0.757s] running install_scripts
[0.783s] Installing listener script to /home/iic/conversion/install/py_pubsub/lib/py_pubsub
[0.784s] Installing talker script to /home/iic/conversion/install/py_pubsub/lib/py_pubsub
[0.784s] writing list of installed files to '/home/iic/conversion/build/py_pubsub/install.log'
[0.811s] Invoked command in '/home/iic/conversion/py_pubsub' returned '0': PYTHONPATH=/home/iic/conversion/install/py_pubsub/lib/python3.6/site-packages:${PYTHONPATH} /usr/bin/python3 setup.py egg_info --egg-base ../build/py_pubsub build --build-base /home/iic/conversion/build/py_pubsub/build install --prefix /home/iic/conversion/install/py_pubsub --record /home/iic/conversion/build/py_pubsub/install.log --single-version-externally-managed
