[0.053s] Invoking command in '/home/iic/conversion/build/camera_calibration': /usr/bin/cmake /home/iic/conversion/image_pipeline/camera_calibration -DCATKIN_INSTALL_INTO_PREFIX_ROOT=0 -DCMAKE_INSTALL_PREFIX=/home/iic/conversion/install/camera_calibration
[0.112s] -- Configuring incomplete, errors occurred!
[0.112s] See also "/home/iic/conversion/build/camera_calibration/CMakeFiles/CMakeOutput.log".
[0.112s] CMake Error at CMakeLists.txt:4 (find_package):
[0.112s]   By not providing "Findcatkin.cmake" in CMAKE_MODULE_PATH this project has
[0.112s]   asked CMake to find a package configuration file provided by "catkin", but
[0.112s]   CMake did not find one.
[0.113s] 
[0.113s]   Could not find a package configuration file provided by "catkin" with any
[0.113s]   of the following names:
[0.113s] 
[0.113s]     catkinConfig.cmake
[0.113s]     catkin-config.cmake
[0.113s] 
[0.114s]   Add the installation prefix of "catkin" to CMAKE_PREFIX_PATH or set
[0.114s]   "catkin_DIR" to a directory containing one of the above files.  If "catkin"
[0.114s]   provides a separate development package or SDK, be sure it has been
[0.114s]   installed.
[0.114s] 
[0.114s] 
[0.156s] Invoked command in '/home/iic/conversion/build/camera_calibration' returned '1': /usr/bin/cmake /home/iic/conversion/image_pipeline/camera_calibration -DCATKIN_INSTALL_INTO_PREFIX_ROOT=0 -DCMAKE_INSTALL_PREFIX=/home/iic/conversion/install/camera_calibration
