[0.403s] Invoking command in '/home/iic/conversion/py_pubsub': PYTHONPATH=/home/iic/conversion/install/py_pubsub/lib/python3.6/site-packages:${PYTHONPATH} /usr/bin/python3 setup.py egg_info --egg-base ../build/py_pubsub build --build-base /home/iic/conversion/build/py_pubsub/build install --prefix /home/iic/conversion/install/py_pubsub --record /home/iic/conversion/build/py_pubsub/install.log --single-version-externally-managed
[0.746s] running egg_info
[0.747s] writing ../build/py_pubsub/py_pubsub.egg-info/PKG-INFO
[0.748s] writing dependency_links to ../build/py_pubsub/py_pubsub.egg-info/dependency_links.txt
[0.748s] writing entry points to ../build/py_pubsub/py_pubsub.egg-info/entry_points.txt
[0.749s] writing requirements to ../build/py_pubsub/py_pubsub.egg-info/requires.txt
[0.749s] writing top-level names to ../build/py_pubsub/py_pubsub.egg-info/top_level.txt
[0.795s] reading manifest file '../build/py_pubsub/py_pubsub.egg-info/SOURCES.txt'
[0.800s] writing manifest file '../build/py_pubsub/py_pubsub.egg-info/SOURCES.txt'
[0.801s] running build
[0.801s] running build_py
[0.802s] copying py_pubsub/publisher_member_function.py -> /home/iic/conversion/build/py_pubsub/build/lib/py_pubsub
[0.802s] running install
[0.802s] running install_lib
[0.802s] copying /home/iic/conversion/build/py_pubsub/build/lib/py_pubsub/publisher_member_function.py -> /home/iic/conversion/install/py_pubsub/lib/python3.6/site-packages/py_pubsub
[0.803s] byte-compiling /home/iic/conversion/install/py_pubsub/lib/python3.6/site-packages/py_pubsub/publisher_member_function.py to publisher_member_function.cpython-36.pyc
[0.805s] running install_data
[0.805s] running install_egg_info
[0.806s] removing '/home/iic/conversion/install/py_pubsub/lib/python3.6/site-packages/py_pubsub-0.0.0-py3.6.egg-info' (and everything under it)
[0.806s] Copying ../build/py_pubsub/py_pubsub.egg-info to /home/iic/conversion/install/py_pubsub/lib/python3.6/site-packages/py_pubsub-0.0.0-py3.6.egg-info
[0.806s] running install_scripts
[0.836s] Installing listener script to /home/iic/conversion/install/py_pubsub/lib/py_pubsub
[0.836s] Installing talker script to /home/iic/conversion/install/py_pubsub/lib/py_pubsub
[0.836s] writing list of installed files to '/home/iic/conversion/build/py_pubsub/install.log'
[0.869s] Invoked command in '/home/iic/conversion/py_pubsub' returned '0': PYTHONPATH=/home/iic/conversion/install/py_pubsub/lib/python3.6/site-packages:${PYTHONPATH} /usr/bin/python3 setup.py egg_info --egg-base ../build/py_pubsub build --build-base /home/iic/conversion/build/py_pubsub/build install --prefix /home/iic/conversion/install/py_pubsub --record /home/iic/conversion/build/py_pubsub/install.log --single-version-externally-managed
