-- The C compiler identification is GNU 7.5.0
-- The CXX compiler identification is GNU 7.5.0
-- Check for working C compiler: /usr/bin/cc
-- Check for working C compiler: /usr/bin/cc -- works
-- Detecting C compiler ABI info
-- Detecting C compiler ABI info - done
-- Detecting C compile features
-- Detecting C compile features - done
-- Check for working CXX compiler: /usr/bin/c++
-- Check for working CXX compiler: /usr/bin/c++ -- works
-- Detecting CXX compiler ABI info
-- Detecting CXX compiler ABI info - done
-- Detecting CXX compile features
-- Detecting CXX compile features - done
-- Found ament_cmake: 0.7.5 (/opt/ros/dashing/share/ament_cmake/cmake)
-- Found PythonInterp: /usr/bin/python3 (found suitable version "3.6.9", minimum required is "3") 
-- Using PYTHON_EXECUTABLE: /usr/bin/python3
-- Found rclcpp: 0.7.14 (/opt/ros/dashing/share/rclcpp/cmake)
-- Found rosidl_adapter: 0.7.9 (/opt/ros/dashing/share/rosidl_adapter/cmake)
-- Found rmw_implementation_cmake: 0.7.2 (/opt/ros/dashing/share/rmw_implementation_cmake/cmake)
-- Using RMW implementation 'rmw_fastrtps_cpp' as default
-- Looking for pthread.h
-- Looking for pthread.h - found
-- Looking for pthread_create
-- Looking for pthread_create - not found
-- Looking for pthread_create in pthreads
-- Looking for pthread_create in pthreads - not found
-- Looking for pthread_create in pthread
-- Looking for pthread_create in pthread - found
-- Found Threads: TRUE  
-- Found rclcpp_components: 0.7.14 (/opt/ros/dashing/share/rclcpp_components/cmake)
-- Found poco_vendor:  (/opt/ros/dashing/share/poco_vendor/cmake)
-- Found std_msgs: 0.7.0 (/opt/ros/dashing/share/std_msgs/cmake)
-- Found sensor_msgs: 0.7.0 (/opt/ros/dashing/share/sensor_msgs/cmake)
-- Found camera_info_manager: 2.1.1 (/opt/ros/dashing/share/camera_info_manager/cmake)
-- Found image_transport: 2.1.1 (/opt/ros/dashing/share/image_transport/cmake)
-- Found tinyxml2_vendor:  (/opt/ros/dashing/share/tinyxml2_vendor/cmake)
-- Found TinyXML2: /usr/lib/x86_64-linux-gnu/libtinyxml2.so  
-- Found camera_calibration_parsers: 2.1.1 (/opt/ros/dashing/share/camera_calibration_parsers/cmake)
-- Setting yaml-cpp_DIR to: '/opt/ros/dashing/share/yaml_cpp_vendor/cmake/../../../opt/yaml_cpp_vendor/lib/cmake/yaml-cpp'
-- Found OpenCV: /usr (found suitable version "3.2.0", minimum required is "3") 
-- Found ament_lint_auto: 0.7.12 (/opt/ros/dashing/share/ament_lint_auto/cmake)
-- Found ament_cmake_gtest: 0.7.5 (/opt/ros/dashing/share/ament_cmake_gtest/cmake)
-- Found gtest sources under '/opt/ros/dashing/src/gtest_vendor': C++ tests using 'Google Test' will be built
-- Check if compiler accepts -pthread
-- Check if compiler accepts -pthread - yes
-- Configuring done
-- Generating done
-- Build files have been written to: /home/iic/conversion/build/usb_camera_driver
[35m[1mScanning dependencies of target gtest_main[0m
[35m[1mScanning dependencies of target gtest[0m
[35m[1mScanning dependencies of target usb_camera_driver[0m
[ 10%] [32mBuilding CXX object gtest/CMakeFiles/gtest_main.dir/src/gtest_main.cc.o[0m
[ 20%] [32mBuilding CXX object gtest/CMakeFiles/gtest.dir/src/gtest-all.cc.o[0m
[ 30%] [32mBuilding CXX object CMakeFiles/usb_camera_driver.dir/src/usb_camera_driver.cpp.o[0m
[ 40%] [32m[1mLinking CXX static library libgtest_main.a[0m
[ 40%] Built target gtest_main
[ 50%] [32m[1mLinking CXX shared library libusb_camera_driver.so[0m
[ 50%] Built target usb_camera_driver
[35m[1mScanning dependencies of target usb_camera_driver_node[0m
[ 60%] [32mBuilding CXX object CMakeFiles/usb_camera_driver_node.dir/src/usb_camera_driver_node.cpp.o[0m
[ 70%] [32m[1mLinking CXX static library libgtest.a[0m
[ 70%] Built target gtest
[35m[1mScanning dependencies of target usb_camera_driver_tests[0m
[ 80%] [32mBuilding CXX object test/CMakeFiles/usb_camera_driver_tests.dir/usb_camera_driver_tests.cpp.o[0m
[ 90%] [32m[1mLinking CXX executable usb_camera_driver_node[0m
[100%] [32m[1mLinking CXX executable usb_camera_driver_tests[0m
[100%] Built target usb_camera_driver_node
[100%] Built target usb_camera_driver_tests
[ 20%] Built target gtest
[ 40%] Built target usb_camera_driver
[ 60%] Built target gtest_main
[ 80%] Built target usb_camera_driver_node
[100%] Built target usb_camera_driver_tests
[36mInstall the project...[0m
-- Install configuration: ""
-- Installing: /home/iic/conversion/install/usb_camera_driver/lib/libusb_camera_driver.so
-- Set runtime path of "/home/iic/conversion/install/usb_camera_driver/lib/libusb_camera_driver.so" to ""
-- Installing: /home/iic/conversion/install/usb_camera_driver/lib/usb_camera_driver/usb_camera_driver_node
-- Set runtime path of "/home/iic/conversion/install/usb_camera_driver/lib/usb_camera_driver/usb_camera_driver_node" to ""
-- Installing: /home/iic/conversion/install/usb_camera_driver/share/usb_camera_driver/launch
-- Installing: /home/iic/conversion/install/usb_camera_driver/share/usb_camera_driver/launch/usb_camera_node.launch.py
-- Installing: /home/iic/conversion/install/usb_camera_driver/share/usb_camera_driver/launch/usb_camera_component.launch.py
-- Installing: /home/iic/conversion/install/usb_camera_driver/share/ament_index/resource_index/package_run_dependencies/usb_camera_driver
-- Installing: /home/iic/conversion/install/usb_camera_driver/share/ament_index/resource_index/parent_prefix_path/usb_camera_driver
-- Installing: /home/iic/conversion/install/usb_camera_driver/share/usb_camera_driver/environment/ament_prefix_path.sh
-- Installing: /home/iic/conversion/install/usb_camera_driver/share/usb_camera_driver/environment/path.sh
-- Installing: /home/iic/conversion/install/usb_camera_driver/share/usb_camera_driver/local_setup.bash
-- Installing: /home/iic/conversion/install/usb_camera_driver/share/usb_camera_driver/local_setup.sh
-- Installing: /home/iic/conversion/install/usb_camera_driver/share/usb_camera_driver/local_setup.zsh
-- Installing: /home/iic/conversion/install/usb_camera_driver/share/ament_index/resource_index/packages/usb_camera_driver
-- Installing: /home/iic/conversion/install/usb_camera_driver/share/ament_index/resource_index/rclcpp_components/usb_camera_driver
-- Installing: /home/iic/conversion/install/usb_camera_driver/share/usb_camera_driver/cmake/usb_camera_driverConfig.cmake
-- Installing: /home/iic/conversion/install/usb_camera_driver/share/usb_camera_driver/cmake/usb_camera_driverConfig-version.cmake
-- Installing: /home/iic/conversion/install/usb_camera_driver/share/usb_camera_driver/package.xml
