[0.438s] Invoking command in '/home/iic/conversion/py_pubsub': PYTHONPATH=/home/iic/conversion/install/py_pubsub/lib/python3.6/site-packages:${PYTHONPATH} /usr/bin/python3 setup.py egg_info --egg-base ../build/py_pubsub build --build-base /home/iic/conversion/build/py_pubsub/build install --prefix /home/iic/conversion/install/py_pubsub --record /home/iic/conversion/build/py_pubsub/install.log --single-version-externally-managed
[0.817s] running egg_info
[0.819s] writing ../build/py_pubsub/py_pubsub.egg-info/PKG-INFO
[0.821s] writing dependency_links to ../build/py_pubsub/py_pubsub.egg-info/dependency_links.txt
[0.824s] writing entry points to ../build/py_pubsub/py_pubsub.egg-info/entry_points.txt
[0.826s] writing requirements to ../build/py_pubsub/py_pubsub.egg-info/requires.txt
[0.827s] writing top-level names to ../build/py_pubsub/py_pubsub.egg-info/top_level.txt
[0.877s] reading manifest file '../build/py_pubsub/py_pubsub.egg-info/SOURCES.txt'
[0.878s] writing manifest file '../build/py_pubsub/py_pubsub.egg-info/SOURCES.txt'
[0.879s] running build
[0.879s] running build_py
[0.883s] copying py_pubsub/subscriber_member_function.py -> /home/iic/conversion/build/py_pubsub/build/lib/py_pubsub
[0.886s] running install
[0.888s] running install_lib
[0.891s] copying /home/iic/conversion/build/py_pubsub/build/lib/py_pubsub/subscriber_member_function.py -> /home/iic/conversion/install/py_pubsub/lib/python3.6/site-packages/py_pubsub
[0.896s] byte-compiling /home/iic/conversion/install/py_pubsub/lib/python3.6/site-packages/py_pubsub/subscriber_member_function.py to subscriber_member_function.cpython-36.pyc
[0.898s] running install_data
[0.901s] running install_egg_info
[0.904s] removing '/home/iic/conversion/install/py_pubsub/lib/python3.6/site-packages/py_pubsub-0.0.0-py3.6.egg-info' (and everything under it)
[0.904s] Copying ../build/py_pubsub/py_pubsub.egg-info to /home/iic/conversion/install/py_pubsub/lib/python3.6/site-packages/py_pubsub-0.0.0-py3.6.egg-info
[0.906s] running install_scripts
[0.937s] Installing listener script to /home/iic/conversion/install/py_pubsub/lib/py_pubsub
[0.937s] Installing talker script to /home/iic/conversion/install/py_pubsub/lib/py_pubsub
[0.938s] writing list of installed files to '/home/iic/conversion/build/py_pubsub/install.log'
[0.975s] Invoked command in '/home/iic/conversion/py_pubsub' returned '0': PYTHONPATH=/home/iic/conversion/install/py_pubsub/lib/python3.6/site-packages:${PYTHONPATH} /usr/bin/python3 setup.py egg_info --egg-base ../build/py_pubsub build --build-base /home/iic/conversion/build/py_pubsub/build install --prefix /home/iic/conversion/install/py_pubsub --record /home/iic/conversion/build/py_pubsub/install.log --single-version-externally-managed
