[0.452s] Invoking command in '/home/iic/conversion/py_pubsub': PYTHONPATH=/home/iic/conversion/install/py_pubsub/lib/python3.6/site-packages:${PYTHONPATH} /usr/bin/python3 setup.py egg_info --egg-base ../build/py_pubsub build --build-base /home/iic/conversion/build/py_pubsub/build install --prefix /home/iic/conversion/install/py_pubsub --record /home/iic/conversion/build/py_pubsub/install.log --single-version-externally-managed
[0.895s] running egg_info
[0.895s] writing ../build/py_pubsub/py_pubsub.egg-info/PKG-INFO
[0.896s] writing dependency_links to ../build/py_pubsub/py_pubsub.egg-info/dependency_links.txt
[0.897s] writing entry points to ../build/py_pubsub/py_pubsub.egg-info/entry_points.txt
[0.897s] writing requirements to ../build/py_pubsub/py_pubsub.egg-info/requires.txt
[0.897s] writing top-level names to ../build/py_pubsub/py_pubsub.egg-info/top_level.txt
[0.944s] reading manifest file '../build/py_pubsub/py_pubsub.egg-info/SOURCES.txt'
[0.946s] writing manifest file '../build/py_pubsub/py_pubsub.egg-info/SOURCES.txt'
[0.946s] running build
[0.946s] running build_py
[0.947s] copying py_pubsub/subscriber_member_function.py -> /home/iic/conversion/build/py_pubsub/build/lib/py_pubsub
[0.947s] running install
[0.948s] running install_lib
[0.949s] copying /home/iic/conversion/build/py_pubsub/build/lib/py_pubsub/subscriber_member_function.py -> /home/iic/conversion/install/py_pubsub/lib/python3.6/site-packages/py_pubsub
[0.950s] byte-compiling /home/iic/conversion/install/py_pubsub/lib/python3.6/site-packages/py_pubsub/subscriber_member_function.py to subscriber_member_function.cpython-36.pyc
[0.950s] running install_data
[0.950s] Sorry: IndentationError: expected an indented block (subscriber_member_function.py, line 67)
[0.951s] running install_egg_info
[0.954s] removing '/home/iic/conversion/install/py_pubsub/lib/python3.6/site-packages/py_pubsub-0.0.0-py3.6.egg-info' (and everything under it)
[0.954s] Copying ../build/py_pubsub/py_pubsub.egg-info to /home/iic/conversion/install/py_pubsub/lib/python3.6/site-packages/py_pubsub-0.0.0-py3.6.egg-info
[0.955s] running install_scripts
[0.984s] Installing listener script to /home/iic/conversion/install/py_pubsub/lib/py_pubsub
[0.985s] Installing talker script to /home/iic/conversion/install/py_pubsub/lib/py_pubsub
[0.985s] writing list of installed files to '/home/iic/conversion/build/py_pubsub/install.log'
[1.032s] Invoked command in '/home/iic/conversion/py_pubsub' returned '0': PYTHONPATH=/home/iic/conversion/install/py_pubsub/lib/python3.6/site-packages:${PYTHONPATH} /usr/bin/python3 setup.py egg_info --egg-base ../build/py_pubsub build --build-base /home/iic/conversion/build/py_pubsub/build install --prefix /home/iic/conversion/install/py_pubsub --record /home/iic/conversion/build/py_pubsub/install.log --single-version-externally-managed
