[0.425s] Invoking command in '/home/iic/conversion/py_pubsub': PYTHONPATH=/home/iic/conversion/install/py_pubsub/lib/python3.6/site-packages:${PYTHONPATH} /usr/bin/python3 setup.py egg_info --egg-base ../build/py_pubsub build --build-base /home/iic/conversion/build/py_pubsub/build install --prefix /home/iic/conversion/install/py_pubsub --record /home/iic/conversion/build/py_pubsub/install.log --single-version-externally-managed
[0.776s] running egg_info
[0.777s] writing ../build/py_pubsub/py_pubsub.egg-info/PKG-INFO
[0.778s] writing dependency_links to ../build/py_pubsub/py_pubsub.egg-info/dependency_links.txt
[0.778s] writing entry points to ../build/py_pubsub/py_pubsub.egg-info/entry_points.txt
[0.779s] writing requirements to ../build/py_pubsub/py_pubsub.egg-info/requires.txt
[0.779s] writing top-level names to ../build/py_pubsub/py_pubsub.egg-info/top_level.txt
[0.829s] reading manifest file '../build/py_pubsub/py_pubsub.egg-info/SOURCES.txt'
[0.831s] writing manifest file '../build/py_pubsub/py_pubsub.egg-info/SOURCES.txt'
[0.832s] running build
[0.832s] running build_py
[0.832s] copying py_pubsub/publisher_member_function.py -> /home/iic/conversion/build/py_pubsub/build/lib/py_pubsub
[0.833s] running install
[0.834s] running install_lib
[0.835s] copying /home/iic/conversion/build/py_pubsub/build/lib/py_pubsub/publisher_member_function.py -> /home/iic/conversion/install/py_pubsub/lib/python3.6/site-packages/py_pubsub
[0.837s] byte-compiling /home/iic/conversion/install/py_pubsub/lib/python3.6/site-packages/py_pubsub/publisher_member_function.py to publisher_member_function.cpython-36.pyc
[0.837s]   File "/home/iic/conversion/install/py_pubsub/lib/python3.6/site-packages/py_pubsub/publisher_member_function.py", line 18
[0.837s]     except CvBridgeError, e:
[0.837s]                         ^
[0.838s] SyntaxError: invalid syntax
[0.838s] 
[0.838s] running install_data
[0.839s] running install_egg_info
[0.843s] removing '/home/iic/conversion/install/py_pubsub/lib/python3.6/site-packages/py_pubsub-0.0.0-py3.6.egg-info' (and everything under it)
[0.846s] Copying ../build/py_pubsub/py_pubsub.egg-info to /home/iic/conversion/install/py_pubsub/lib/python3.6/site-packages/py_pubsub-0.0.0-py3.6.egg-info
[0.846s] running install_scripts
[0.872s] Installing listener script to /home/iic/conversion/install/py_pubsub/lib/py_pubsub
[0.873s] Installing talker script to /home/iic/conversion/install/py_pubsub/lib/py_pubsub
[0.873s] writing list of installed files to '/home/iic/conversion/build/py_pubsub/install.log'
[0.923s] Invoked command in '/home/iic/conversion/py_pubsub' returned '0': PYTHONPATH=/home/iic/conversion/install/py_pubsub/lib/python3.6/site-packages:${PYTHONPATH} /usr/bin/python3 setup.py egg_info --egg-base ../build/py_pubsub build --build-base /home/iic/conversion/build/py_pubsub/build install --prefix /home/iic/conversion/install/py_pubsub --record /home/iic/conversion/build/py_pubsub/install.log --single-version-externally-managed
