[0.421s] Invoking command in '/home/iic/conversion/py_pubsub': PYTHONPATH=/home/iic/conversion/install/py_pubsub/lib/python3.6/site-packages:${PYTHONPATH} /usr/bin/python3 setup.py egg_info --egg-base ../build/py_pubsub build --build-base /home/iic/conversion/build/py_pubsub/build install --prefix /home/iic/conversion/install/py_pubsub --record /home/iic/conversion/build/py_pubsub/install.log --single-version-externally-managed
[0.787s] running egg_info
[0.788s] writing ../build/py_pubsub/py_pubsub.egg-info/PKG-INFO
[0.789s] writing dependency_links to ../build/py_pubsub/py_pubsub.egg-info/dependency_links.txt
[0.789s] writing entry points to ../build/py_pubsub/py_pubsub.egg-info/entry_points.txt
[0.790s] writing requirements to ../build/py_pubsub/py_pubsub.egg-info/requires.txt
[0.790s] writing top-level names to ../build/py_pubsub/py_pubsub.egg-info/top_level.txt
[0.833s] reading manifest file '../build/py_pubsub/py_pubsub.egg-info/SOURCES.txt'
[0.835s] writing manifest file '../build/py_pubsub/py_pubsub.egg-info/SOURCES.txt'
[0.836s] running build
[0.836s] running build_py
[0.836s] copying py_pubsub/publisher_member_function.py -> /home/iic/conversion/build/py_pubsub/build/lib/py_pubsub
[0.837s] running install
[0.837s] running install_lib
[0.838s] copying /home/iic/conversion/build/py_pubsub/build/lib/py_pubsub/publisher_member_function.py -> /home/iic/conversion/install/py_pubsub/lib/python3.6/site-packages/py_pubsub
[0.839s] byte-compiling /home/iic/conversion/install/py_pubsub/lib/python3.6/site-packages/py_pubsub/publisher_member_function.py to publisher_member_function.cpython-36.pyc
[0.840s] running install_data
[0.841s] running install_egg_info
[0.843s] removing '/home/iic/conversion/install/py_pubsub/lib/python3.6/site-packages/py_pubsub-0.0.0-py3.6.egg-info' (and everything under it)
[0.844s] Copying ../build/py_pubsub/py_pubsub.egg-info to /home/iic/conversion/install/py_pubsub/lib/python3.6/site-packages/py_pubsub-0.0.0-py3.6.egg-info
[0.845s] running install_scripts
[0.871s] Installing listener script to /home/iic/conversion/install/py_pubsub/lib/py_pubsub
[0.871s] Installing talker script to /home/iic/conversion/install/py_pubsub/lib/py_pubsub
[0.872s] writing list of installed files to '/home/iic/conversion/build/py_pubsub/install.log'
[0.948s] Invoked command in '/home/iic/conversion/py_pubsub' returned '0': PYTHONPATH=/home/iic/conversion/install/py_pubsub/lib/python3.6/site-packages:${PYTHONPATH} /usr/bin/python3 setup.py egg_info --egg-base ../build/py_pubsub build --build-base /home/iic/conversion/build/py_pubsub/build install --prefix /home/iic/conversion/install/py_pubsub --record /home/iic/conversion/build/py_pubsub/install.log --single-version-externally-managed
