[0.058s] Invoking command in '/home/iic/conversion/build/depth_image_proc': /usr/bin/cmake /home/iic/conversion/image_pipeline/depth_image_proc -DCATKIN_INSTALL_INTO_PREFIX_ROOT=0 -DCMAKE_INSTALL_PREFIX=/home/iic/conversion/install/depth_image_proc
[0.233s] -- The C compiler identification is GNU 7.5.0
[0.436s] -- The CXX compiler identification is GNU 7.5.0
[0.452s] -- Check for working C compiler: /usr/bin/cc
[0.757s] -- Check for working C compiler: /usr/bin/cc -- works
[0.758s] -- Detecting C compiler ABI info
[0.983s] -- Detecting C compiler ABI info - done
[1.006s] -- Detecting C compile features
[1.588s] -- Detecting C compile features - done
[1.593s] -- Check for working CXX compiler: /usr/bin/c++
[1.944s] -- Check for working CXX compiler: /usr/bin/c++ -- works
[1.945s] -- Detecting CXX compiler ABI info
[2.284s] -- Detecting CXX compiler ABI info - done
[2.322s] -- Detecting CXX compile features
[3.451s] -- Detecting CXX compile features - done
[3.475s] -- Configuring incomplete, errors occurred!
[3.475s] See also "/home/iic/conversion/build/depth_image_proc/CMakeFiles/CMakeOutput.log".
[3.481s] CMake Error at CMakeLists.txt:4 (find_package):
[3.481s]   By not providing "Findcatkin.cmake" in CMAKE_MODULE_PATH this project has
[3.481s]   asked CMake to find a package configuration file provided by "catkin", but
[3.481s]   CMake did not find one.
[3.482s] 
[3.482s]   Could not find a package configuration file provided by "catkin" with any
[3.482s]   of the following names:
[3.482s] 
[3.482s]     catkinConfig.cmake
[3.482s]     catkin-config.cmake
[3.482s] 
[3.482s]   Add the installation prefix of "catkin" to CMAKE_PREFIX_PATH or set
[3.483s]   "catkin_DIR" to a directory containing one of the above files.  If "catkin"
[3.483s]   provides a separate development package or SDK, be sure it has been
[3.483s]   installed.
[3.483s] 
[3.483s] 
