[0.555s] Invoking command in '/home/iic/conversion/image_converter': PYTHONPATH=/home/iic/conversion/install/image_converter/lib/python3.6/site-packages:${PYTHONPATH} /usr/bin/python3 setup.py egg_info --egg-base ../build/image_converter build --build-base /home/iic/conversion/build/image_converter/build install --prefix /home/iic/conversion/install/image_converter --record /home/iic/conversion/build/image_converter/install.log --single-version-externally-managed
[0.891s] running egg_info
[0.892s] writing ../build/image_converter/image_converter.egg-info/PKG-INFO
[0.892s] writing dependency_links to ../build/image_converter/image_converter.egg-info/dependency_links.txt
[0.892s] writing entry points to ../build/image_converter/image_converter.egg-info/entry_points.txt
[0.892s] writing requirements to ../build/image_converter/image_converter.egg-info/requires.txt
[0.892s] writing top-level names to ../build/image_converter/image_converter.egg-info/top_level.txt
[0.947s] reading manifest file '../build/image_converter/image_converter.egg-info/SOURCES.txt'
[0.948s] writing manifest file '../build/image_converter/image_converter.egg-info/SOURCES.txt'
[0.949s] running build
[0.949s] running build_py
[0.949s] running install
[0.950s] running install_lib
[0.952s] running install_data
[0.952s] running install_egg_info
[0.955s] removing '/home/iic/conversion/install/image_converter/lib/python3.6/site-packages/image_converter-0.0.0-py3.6.egg-info' (and everything under it)
[0.956s] Copying ../build/image_converter/image_converter.egg-info to /home/iic/conversion/install/image_converter/lib/python3.6/site-packages/image_converter-0.0.0-py3.6.egg-info
[0.957s] running install_scripts
[0.987s] Installing converter script to /home/iic/conversion/install/image_converter/lib/image_converter
[0.988s] writing list of installed files to '/home/iic/conversion/build/image_converter/install.log'
[1.026s] Invoked command in '/home/iic/conversion/image_converter' returned '0': PYTHONPATH=/home/iic/conversion/install/image_converter/lib/python3.6/site-packages:${PYTHONPATH} /usr/bin/python3 setup.py egg_info --egg-base ../build/image_converter build --build-base /home/iic/conversion/build/image_converter/build install --prefix /home/iic/conversion/install/image_converter --record /home/iic/conversion/build/image_converter/install.log --single-version-externally-managed
