running egg_info
creating ../build/image_converter/image_converter.egg-info
writing ../build/image_converter/image_converter.egg-info/PKG-INFO
writing dependency_links to ../build/image_converter/image_converter.egg-info/dependency_links.txt
writing entry points to ../build/image_converter/image_converter.egg-info/entry_points.txt
writing requirements to ../build/image_converter/image_converter.egg-info/requires.txt
writing top-level names to ../build/image_converter/image_converter.egg-info/top_level.txt
writing manifest file '../build/image_converter/image_converter.egg-info/SOURCES.txt'
reading manifest file '../build/image_converter/image_converter.egg-info/SOURCES.txt'
writing manifest file '../build/image_converter/image_converter.egg-info/SOURCES.txt'
running build
running build_py
creating /home/iic/conversion/build/image_converter/build
creating /home/iic/conversion/build/image_converter/build/lib
creating /home/iic/conversion/build/image_converter/build/lib/image_converter
copying image_converter/convert.py -> /home/iic/conversion/build/image_converter/build/lib/image_converter
copying image_converter/__init__.py -> /home/iic/conversion/build/image_converter/build/lib/image_converter
running install
running install_lib
creating /home/iic/conversion/install/image_converter/lib/python3.6/site-packages/image_converter
copying /home/iic/conversion/build/image_converter/build/lib/image_converter/convert.py -> /home/iic/conversion/install/image_converter/lib/python3.6/site-packages/image_converter
copying /home/iic/conversion/build/image_converter/build/lib/image_converter/__init__.py -> /home/iic/conversion/install/image_converter/lib/python3.6/site-packages/image_converter
byte-compiling /home/iic/conversion/install/image_converter/lib/python3.6/site-packages/image_converter/convert.py to convert.cpython-36.pyc
byte-compiling /home/iic/conversion/install/image_converter/lib/python3.6/site-packages/image_converter/__init__.py to __init__.cpython-36.pyc
running install_data
creating /home/iic/conversion/install/image_converter/share/ament_index
creating /home/iic/conversion/install/image_converter/share/ament_index/resource_index
creating /home/iic/conversion/install/image_converter/share/ament_index/resource_index/packages
copying resource/image_converter -> /home/iic/conversion/install/image_converter/share/ament_index/resource_index/packages
copying package.xml -> /home/iic/conversion/install/image_converter/share/image_converter
running install_egg_info
Copying ../build/image_converter/image_converter.egg-info to /home/iic/conversion/install/image_converter/lib/python3.6/site-packages/image_converter-0.0.0-py3.6.egg-info
running install_scripts
Installing converter script to /home/iic/conversion/install/image_converter/lib/image_converter
writing list of installed files to '/home/iic/conversion/build/image_converter/install.log'
